chrome DTLS1.2 keys

CLIENT_HANDSHAKE_TRAFFIC_SECRET 60ec1f459ce9acd270bee3c848a13d6df02a31b5b348ae024e0b0f587df97104 ff804b5d5dcce9d6d1a797b8e91f370dd5e5985a242d8bcf8eab66d63aefa5a8
SERVER_HANDSHAKE_TRAFFIC_SECRET 60ec1f459ce9acd270bee3c848a13d6df02a31b5b348ae024e0b0f587df97104 5fe68592f21c9442c791168b9bf78120f53ffdd68035ae89919f15e9b1b6191f
CLIENT_TRAFFIC_SECRET_0 60ec1f459ce9acd270bee3c848a13d6df02a31b5b348ae024e0b0f587df97104 89738745c19d72cb1c9ae51983ed03d93cfd7fae879e801c949dedcd29507fae
SERVER_TRAFFIC_SECRET_0 60ec1f459ce9acd270bee3c848a13d6df02a31b5b348ae024e0b0f587df97104 daa80ed14ff4e8d8e1bc90a271c9a6f0ccf2abea515ad4a6231627605cd4e0d7
EXPORTER_SECRET 60ec1f459ce9acd270bee3c848a13d6df02a31b5b348ae024e0b0f587df97104 f035080716ef2ca7c8c1409004f91369c5225ffb63a022729ffab57768f92e0e
CLIENT_RANDOM b20f402ce156c8bbb86f961363734bed0298439be80bbbbcd3c1d5175f86eed5 6a52916eb3cc11ba3cf12b0091a1e0bce4fda8c99511a08deb002f263b73f16dc510711d0756bb68e50664fef19d40b6
CLIENT_HANDSHAKE_TRAFFIC_SECRET 2e140fbf495b9e08b64a60715552c3651e99f7120395097e3cd9fbf035e71fea ad7953495c50f61a6a0da9a2445a835c1da360e885c9b2b561aec41edcda1e31
SERVER_HANDSHAKE_TRAFFIC_SECRET 2e140fbf495b9e08b64a60715552c3651e99f7120395097e3cd9fbf035e71fea e1cc7f1906f914bcd9824f2776b346d880b0051580701cd6c81577b5669f7648
CLIENT_TRAFFIC_SECRET_0 2e140fbf495b9e08b64a60715552c3651e99f7120395097e3cd9fbf035e71fea f7d20b05a0c55667edb95da27f864234eb4569284023cfc385d0e484da7b353a
SERVER_TRAFFIC_SECRET_0 2e140fbf495b9e08b64a60715552c3651e99f7120395097e3cd9fbf035e71fea 2b2a696ba892ed1a11d004b5538725d5ecb7ee0217cb7b953e0536e8d2e9e861
EXPORTER_SECRET 2e140fbf495b9e08b64a60715552c3651e99f7120395097e3cd9fbf035e71fea 214ec3028a642f9ed0b1c2be035f00288f68b0209927dfa08c2207ef07fb7f98
CLIENT_RANDOM 589161a7ad8eda4ecc2a9b016837c417c4708ea711c52a937f7e5027aa865fd1 9959eecf77d90fd555d5cfce8f2ee3399b8b0d4fada32f83452601d9ea42715c0edb6eebaaaa9770a49e8af1624aff4b
CLIENT_HANDSHAKE_TRAFFIC_SECRET 1d84cddd35da926d6337e3f0312f181982c9bf8b4764bf37d21bd30cb5b19d9f c7aca86c3e9a131a4c6aa172171dc85eca59ab8b6c79dab256a88ff6e6e5346a9e2ba918d6dab671157aaf264984e0b6
SERVER_HANDSHAKE_TRAFFIC_SECRET 1d84cddd35da926d6337e3f0312f181982c9bf8b4764bf37d21bd30cb5b19d9f 33f31c09716f8514ed754f38798d48b559e7e5bd9dcda29eb2fa330db9cf8741907464b818281a384c3999affcad9b62
CLIENT_TRAFFIC_SECRET_0 1d84cddd35da926d6337e3f0312f181982c9bf8b4764bf37d21bd30cb5b19d9f 8d9c2c3ac6bc18a1c3cedda53f1d26afeded5a649c5409cc7a9b656f5d886547aedb3958ebe17c037f55efbb54abb119
SERVER_TRAFFIC_SECRET_0 1d84cddd35da926d6337e3f0312f181982c9bf8b4764bf37d21bd30cb5b19d9f d4e89e68d792dfb984aedb30335eaabd4483b5589ba6f96b2256f28d047ddace554c8acbe2bdef888a338b761ae58c04
EXPORTER_SECRET 1d84cddd35da926d6337e3f0312f181982c9bf8b4764bf37d21bd30cb5b19d9f 321f1df09ac8df5deee248f0e5ab3fcb9478c4266eea75c3dedc3ebbc1636c696d5e21226ad1599f11270e6298ff666f
CLIENT_HANDSHAKE_TRAFFIC_SECRET 4c45f357b717e579f7565ad456c5bf268df216ec63a87bc453ddb6810dc98b2f 2db7bc70f41724b5f04f3ad999c5a4baf0185127003692fc013217153089b1ff8dc14e2e4a2f05e8a04aae4c1ede4ac9
SERVER_HANDSHAKE_TRAFFIC_SECRET 4c45f357b717e579f7565ad456c5bf268df216ec63a87bc453ddb6810dc98b2f 81f27f090b912d25cf0cd2cb3c07d498899ba413613123ff09e0488d3567b8611e57d1106f0c33858fc2a1880b527348
CLIENT_TRAFFIC_SECRET_0 4c45f357b717e579f7565ad456c5bf268df216ec63a87bc453ddb6810dc98b2f c8491e6d62f239aa75011aa4f2f6d598aec01b5a15245bf208c410445a5cdd052cf6bbb54a1f520df3d0cab59942369c
SERVER_TRAFFIC_SECRET_0 4c45f357b717e579f7565ad456c5bf268df216ec63a87bc453ddb6810dc98b2f 2f8d1a08e158ca8d466c4d3d7e96657949db26aff60c950d1917498f77a2efdc933c737f52fa934b4b57f45bbe143683
EXPORTER_SECRET 4c45f357b717e579f7565ad456c5bf268df216ec63a87bc453ddb6810dc98b2f ce338071d34a6e75a6237990dd7d70fd625c6286931ce1200866e528760934dec404f5ea8d65a775f0aa1e5eb0a9aa90
CLIENT_RANDOM 30013936ce27d63659ecb06957a00173ab4a27a9d6fce85aa505338cd09e3674 d6962e8293334b8ace37f57cdd58a759e1cee0ea50c6e56d98f96e63f76c9d755036a0baaa1981d938396c256d7eab3b
CLIENT_HANDSHAKE_TRAFFIC_SECRET e26b7e6ab79211c39016be8ac4eda7d77960964d47340a1cc1108c28fdfc70d9 739a54ab5bc72a5b5c79db94acb3ea63a67bf876a647b5bea1a70e9a7b26f78e7a1501ae9427c6ad5210c838acbc22fb
SERVER_HANDSHAKE_TRAFFIC_SECRET e26b7e6ab79211c39016be8ac4eda7d77960964d47340a1cc1108c28fdfc70d9 568fc9cbfd8bf674540b84d659131b900228cbb4a05b51b5404c925a47648147822e7b11a6827a2e3eff0c229284ef48
CLIENT_TRAFFIC_SECRET_0 e26b7e6ab79211c39016be8ac4eda7d77960964d47340a1cc1108c28fdfc70d9 6ea65eb3b5e86785067b89a86ad8e89c2c36923f1ce20f203f5e2a02959bbf40b451965d26ccee441d36d06b851acfcc
SERVER_TRAFFIC_SECRET_0 e26b7e6ab79211c39016be8ac4eda7d77960964d47340a1cc1108c28fdfc70d9 f10f1168156cc628ae7763c897e40b322b66e4befe3e853db1a867a1048f465855b4064a7750ff7576797f14519df6f8
EXPORTER_SECRET e26b7e6ab79211c39016be8ac4eda7d77960964d47340a1cc1108c28fdfc70d9 27cff164bb41bc0104ed6d945577aaa0bf99304366d0919502f30d54a5f92e305de4970d6dc04a00311a9d38cdcf5ed3
CLIENT_HANDSHAKE_TRAFFIC_SECRET aae718820b7cfc5bd8726dd1af0f10303bbb34d71a04361ef69a5d6765b5486a 1bf0cdfd391e2996c4225050c8f48d63144eb64a452213e2b10caaf83b6499a23b2170c9a71a28bf63d7b60d3bb832df
SERVER_HANDSHAKE_TRAFFIC_SECRET aae718820b7cfc5bd8726dd1af0f10303bbb34d71a04361ef69a5d6765b5486a 02d86bc0897b3c0a49c41dde44d6f9c3027917e3c95ce8f3c9af41791a3924d960020d7dfb2bbda72cb2a97bc4655647
CLIENT_TRAFFIC_SECRET_0 aae718820b7cfc5bd8726dd1af0f10303bbb34d71a04361ef69a5d6765b5486a c26c876db1e24fd1f946f3948b1f96a60e73ff67ed8e461b3a75dc4c63c1bc82e61df70d7f37b08452a892bef9b75328
SERVER_TRAFFIC_SECRET_0 aae718820b7cfc5bd8726dd1af0f10303bbb34d71a04361ef69a5d6765b5486a 793d99b91ff4895f29d5d2af1995ca6f79f08dc588da4d99907f939ccba515eb6e731e3f26068c09fa29c5d7aac1677f
EXPORTER_SECRET aae718820b7cfc5bd8726dd1af0f10303bbb34d71a04361ef69a5d6765b5486a 4bb4895dcf97d55e5e593916a5602da5b796b3cbcc160df65f7040d05d79fdab4f26e59fb3fbaaf04b32bab354058c90
CLIENT_HANDSHAKE_TRAFFIC_SECRET 65af23eb8a26493ba24e2bb74c94c025af82bd3116a4d5655981a40686fafdf4 25e5518e3203a761f7a547bb722da58fafde97b147ca0d87be5071898f4f04d75aa61ca4729178ccd402cb01c5b32074
SERVER_HANDSHAKE_TRAFFIC_SECRET 65af23eb8a26493ba24e2bb74c94c025af82bd3116a4d5655981a40686fafdf4 c9ba3f670e2ebda9da17b5932222975e6b23c81f8a8760a82ac494fb805e9919f15e0b31704ad085100aaa917d4c05d4
CLIENT_TRAFFIC_SECRET_0 65af23eb8a26493ba24e2bb74c94c025af82bd3116a4d5655981a40686fafdf4 dfd04ff3013e3fe1f76464e8762fa024146992899c94e9e0113efbf4c0710e4d573016f6b9e66af0cf71da35e4f57815
SERVER_TRAFFIC_SECRET_0 65af23eb8a26493ba24e2bb74c94c025af82bd3116a4d5655981a40686fafdf4 bc616861dcebba1a94a5699eebf74a8613034bb48e798a9b81e7a843a7bfd403f5c10ef4213ba92bad2a40bceb644664
EXPORTER_SECRET 65af23eb8a26493ba24e2bb74c94c025af82bd3116a4d5655981a40686fafdf4 a2e19657394188f20157d56f3b8fa85873a69e5b8ea445c1f25853a203cd092c52aa659070429547161332664eb36fbe
CLIENT_RANDOM 4ca603c344f5c28e264a06c25c1337e80fcf03f563c029067db65aa2091e32ba d6962e8293334b8ace37f57cdd58a759e1cee0ea50c6e56d98f96e63f76c9d755036a0baaa1981d938396c256d7eab3b
CLIENT_HANDSHAKE_TRAFFIC_SECRET c3375086cd4b8182582c43199caac0b6290153240cc746ecda5cf8d89079c026 d4aed613d2ad186f74268b65a4056e630ac4f1d70c0e6ba7700f744a8939ef0fb8097e844bf9245fdaa3c06f639a3812
SERVER_HANDSHAKE_TRAFFIC_SECRET c3375086cd4b8182582c43199caac0b6290153240cc746ecda5cf8d89079c026 8169fcb67703722409bc0c5eda15ddbb3b0f8a13c8961d207ad792eba9489f7a58386541b17c8cfb5e5cef63dad75e4b
CLIENT_TRAFFIC_SECRET_0 c3375086cd4b8182582c43199caac0b6290153240cc746ecda5cf8d89079c026 2c2cbb54542bcf93d1a213a2525bb499a64c685a935dc8aba63d695bc29018d8b75136ab1f2ddb63a56a4e83ccf0b11e
SERVER_TRAFFIC_SECRET_0 c3375086cd4b8182582c43199caac0b6290153240cc746ecda5cf8d89079c026 5dff75aa68e0111cf859141122233176c7771ad20252d4c8514d761918778a51050a93cf6361c80e487716bea93ae67f
EXPORTER_SECRET c3375086cd4b8182582c43199caac0b6290153240cc746ecda5cf8d89079c026 aa76a1041d9976133ab204cb7275ecab9ca4ae494508ee72adfbd9f7c4f914a3a087ae4f76313002a71b7f9a0dc3c37b
CLIENT_RANDOM 593a94f7781d49fc597d81a1d2772515c4a75a7b51887cfead3f7053a5efb411 1d2d35a1c6b6b62dfee28b221a5854daa8de2782c0fac5137724feb98b4e47726320d3dcb2d0e858c2e714bd0aca7981
CLIENT_RANDOM 7a9684832a1379599e35cb1a28fb00b07191eb044caa441fd8fe41ec88e6d49f d6962e8293334b8ace37f57cdd58a759e1cee0ea50c6e56d98f96e63f76c9d755036a0baaa1981d938396c256d7eab3b
CLIENT_HANDSHAKE_TRAFFIC_SECRET 39ac95c19f622f1d4f9ba84cb3546f0782f1245015fffa4fd3de20d9fa14d95b 429c28ef11b9f0c3e7a5f9c3d54075a4d0cc98eaf0c8401d425eae77e3651ce4491181f6d77f2e7c4291164263a7b5cc
SERVER_HANDSHAKE_TRAFFIC_SECRET 39ac95c19f622f1d4f9ba84cb3546f0782f1245015fffa4fd3de20d9fa14d95b 8a7cda719d3f993775842bc5a0c39d553ce5e75575398e9abab9decf69d543f583510926f1c3fa75ce0ac2ce95d5eb57
CLIENT_TRAFFIC_SECRET_0 39ac95c19f622f1d4f9ba84cb3546f0782f1245015fffa4fd3de20d9fa14d95b f3d1f49276794ad16e7eef42112eabf8337d6df8b5aee108615a7d725014f11215043e88069c9e398b10b5c342ddbb34
SERVER_TRAFFIC_SECRET_0 39ac95c19f622f1d4f9ba84cb3546f0782f1245015fffa4fd3de20d9fa14d95b c079b5a68efc7a95242fc7e6cb746b705b5b3c31100c148b3f1cd31f11aba18f1679660bda571d75b32549daf2e52036
EXPORTER_SECRET 39ac95c19f622f1d4f9ba84cb3546f0782f1245015fffa4fd3de20d9fa14d95b f7a00dbb90d1022bbe0141bd819ec483ecef4fd30aef3c21ec5433a2b273ba9836186bc34e6d85efcb20a96b25795e94
CLIENT_HANDSHAKE_TRAFFIC_SECRET 9696fbb7db56b77846d5fe2f54a8f584b5671cdddd8e240ffbc2f9aa29515f7a 87f0a2601e93aecf4407a50ccbdf938b0a58cdd32a99e1a90c0cbcf2a7f02a0a383953a4e399c569a15548397531a40d
SERVER_HANDSHAKE_TRAFFIC_SECRET 9696fbb7db56b77846d5fe2f54a8f584b5671cdddd8e240ffbc2f9aa29515f7a 68bdca7f948335346e5077534f2143b18db29c6b31284ffbf4c2dc7f11497a32e1bf92cb6b1acc0ae91ea6044f5f1647
CLIENT_TRAFFIC_SECRET_0 9696fbb7db56b77846d5fe2f54a8f584b5671cdddd8e240ffbc2f9aa29515f7a 159154f11f7ac87a055bb11dedb66d46b3fcacf4e4830a6a1e8f887fd3e4248016f8efd030e75cdb94ba83242234f4ab
SERVER_TRAFFIC_SECRET_0 9696fbb7db56b77846d5fe2f54a8f584b5671cdddd8e240ffbc2f9aa29515f7a ab59b48feb0f8fce135d416a78fd07c312936c31311e22b40055f6d5d5aa188f7c7dbc491649ce6ba138844e282a1ef6
EXPORTER_SECRET 9696fbb7db56b77846d5fe2f54a8f584b5671cdddd8e240ffbc2f9aa29515f7a 23351553dd9a44b0556927cef1e0053d749dfcabcd97a21c50f746e30a0573cfe8369cdbfb599f198d44faecfeb47185
CLIENT_HANDSHAKE_TRAFFIC_SECRET 591d9b81ebca0772ef2d193c313055ac003e68faa5b7555e18f999a7757d55b4 901bb0102b6eff183d20a3910c9f48833bfd8263346b9fa5d1f21537530f3e5e886a9d490552556e6f200e3782983f8b
SERVER_HANDSHAKE_TRAFFIC_SECRET 591d9b81ebca0772ef2d193c313055ac003e68faa5b7555e18f999a7757d55b4 6892c1210f7ef148c327b4dde36ce77048f66893602b39710191c7569ef3ff4a23455d8b1f9d90c01b773b097a685add
CLIENT_TRAFFIC_SECRET_0 591d9b81ebca0772ef2d193c313055ac003e68faa5b7555e18f999a7757d55b4 710b6fc00d5bead042d5746340fb00e692fee26fee407ddb2cf6153a8e7b7d32c56d37197d0dac3cadb99ba4dccdc4cc
SERVER_TRAFFIC_SECRET_0 591d9b81ebca0772ef2d193c313055ac003e68faa5b7555e18f999a7757d55b4 a0df2d27dbf269de617b70919b614b13c0b8ea66f6f3efe860f0b9a6bd66ca7561378dbb46bd8b46bca0a399f3de39d5
EXPORTER_SECRET 591d9b81ebca0772ef2d193c313055ac003e68faa5b7555e18f999a7757d55b4 913a70a4a87a36f611296add014b916cb921fb12e23b70a02de8294f07692b1da989619368bbdbab79eb750ac79f4ef7
CLIENT_RANDOM 6b1fd210d3bcc6d103caa4fa9ce0f6ad564a8372da7c5cf2816a217ddcdf83c0 69b1050393d24f19e1087be03e0f3735b40651447b481805282badf697326857bea9c7202affa52778a6d9fe7d46759a
CLIENT_RANDOM 250669c560eee40203b1bd140de7064ae27d76198c0c7965034f8e77d2292631 242257d8fc4f4ed4b153daabf9eccd305389dfec0468f674c17e444240fce2207e6463ac79bdfb2c9e9c98c28080b273
CLIENT_RANDOM 1a058897601173738c09843dfa1908d161d37a7a066ec1354a73d968f9fe59d8 ed783bf8cc500ac88faac0e9e9377e0de42a8e2198adbc73ef87b2195d234bfb49a337a4bcf0f707216dccdae2a423ab
CLIENT_HANDSHAKE_TRAFFIC_SECRET 693d425fab570dc87a4d67bffa90bb748de4d96142623619f50785c47df10439 857942a5b63ab5a5e56e6589bf7d3ce09a0afa1a04895531e32ee002efa79c4191ceaf0f562a836827ad88526add582a
SERVER_HANDSHAKE_TRAFFIC_SECRET 693d425fab570dc87a4d67bffa90bb748de4d96142623619f50785c47df10439 f7a5bf50b7f7fb9878b349c0c61ba70f672f922191ec9763798c0f0fabf3f192b9cd81e2f6d083b02048548aacc45137
CLIENT_TRAFFIC_SECRET_0 693d425fab570dc87a4d67bffa90bb748de4d96142623619f50785c47df10439 34dae53b8b1cc43cf46fad97d6cbb3ce5c8f9f68a5025fdba251fb55a0874e49412ec95762ea9ef31e2b969d68e93404
SERVER_TRAFFIC_SECRET_0 693d425fab570dc87a4d67bffa90bb748de4d96142623619f50785c47df10439 97e54e4801ba4ba0a45a7efb346b0b1c313dbfbcc95abf69cf95d0b428c87b343da1dc997ba909738e4fc22f640f34f9
EXPORTER_SECRET 693d425fab570dc87a4d67bffa90bb748de4d96142623619f50785c47df10439 3302203fc930a90806e45e0ecb1a9ab4e58cd27a8accaa993a9864acde49b49e246c01c569e52e209efbf3cf10ceaa18
CLIENT_HANDSHAKE_TRAFFIC_SECRET 1df1e680025894a4d11b06e1ebf88f898a07943e4782b84284588ad60a44570e dfe56dddb2f0fd294e4b69595256714ca5440a5e06f225ac5b2bafe05da533c84ab3377a9b71e52f2a14ce9e5d8ffaab
SERVER_HANDSHAKE_TRAFFIC_SECRET 1df1e680025894a4d11b06e1ebf88f898a07943e4782b84284588ad60a44570e d70aa988bbb966d3451440eadd5df1a359517616cf3ceb476354dfd550cf67bf21bd7678095db977c8274b917e35ae99
CLIENT_TRAFFIC_SECRET_0 1df1e680025894a4d11b06e1ebf88f898a07943e4782b84284588ad60a44570e f04f083681aa2d12c748ae78c8003e2cb5314198c76f46511f0ce0360a43915650ba64dc79bfd45912ada55f23457b04
SERVER_TRAFFIC_SECRET_0 1df1e680025894a4d11b06e1ebf88f898a07943e4782b84284588ad60a44570e 5622357a71f1eb8d266866c841827cdb7a85108d3f3d001fc86e29cde4f16abefa0f36054775617d1471361eca1b4a98
EXPORTER_SECRET 1df1e680025894a4d11b06e1ebf88f898a07943e4782b84284588ad60a44570e d8e07fd4c5ec7bed25915a22340d601a474a3fefb8e8e2565debbd87eddf558ad16e66008f294dce51f851213032d6f7
CLIENT_HANDSHAKE_TRAFFIC_SECRET f4d8fb7da33e81485aed55a320fe50affca8b0f0bf4aacb8b5064eb8961829fb acca7a2da0caeff2a45aa5d81c57948640d7904b53a1b624dbed6d3f223aa6e982709b27bee9c7db2ba261e12d206b3a
SERVER_HANDSHAKE_TRAFFIC_SECRET f4d8fb7da33e81485aed55a320fe50affca8b0f0bf4aacb8b5064eb8961829fb 3c40e611079607288a735209334ecf5c88205bf03e29730686605a34d354f0b9347196c7af8d657c85698074b473b065
CLIENT_HANDSHAKE_TRAFFIC_SECRET 9fb35640c88f6c350b3b2791f595b4f2c57f9151e5c9ada45cdef5cccfd2e9e0 6c8bdd251587df31f30d5b3fa08005c5ca663d085d079f79878c9137a5e0c4fd27fe732a3c1503c0159de60cee3be0c7
SERVER_HANDSHAKE_TRAFFIC_SECRET 9fb35640c88f6c350b3b2791f595b4f2c57f9151e5c9ada45cdef5cccfd2e9e0 e8d88c49b18b656bb089f87009b3d8d34b47545d25d20721b2dbcb8f726c092b55fb00419c15327e447961348d1ba39c
CLIENT_TRAFFIC_SECRET_0 9fb35640c88f6c350b3b2791f595b4f2c57f9151e5c9ada45cdef5cccfd2e9e0 c9af1f8807cfecedbe63c98f2090647072eed483c36373fe322e1ca0a786f5cb50ad655b412031dc6c8d27d54edcc8a1
SERVER_TRAFFIC_SECRET_0 9fb35640c88f6c350b3b2791f595b4f2c57f9151e5c9ada45cdef5cccfd2e9e0 3c10b22a7e62091ef5e94cddee23e591915298e45ccfdaecf1f83ba752a169b7330ce7713c80a79b11694260455c409e
EXPORTER_SECRET 9fb35640c88f6c350b3b2791f595b4f2c57f9151e5c9ada45cdef5cccfd2e9e0 183ea3c01cc878c61727e0e23437b8807d19b7255a6693df21986ba5b3fe37bea19c8cf8cd5813b7e70cf3ab1ebab7c0
CLIENT_TRAFFIC_SECRET_0 f4d8fb7da33e81485aed55a320fe50affca8b0f0bf4aacb8b5064eb8961829fb ae042f8cefe40fa55b17a6d01dbe763aa6d32472cbd79a0002af1da942e1aeb4e3911ddf5a1e8a0939f52d9e7ff8269d
SERVER_TRAFFIC_SECRET_0 f4d8fb7da33e81485aed55a320fe50affca8b0f0bf4aacb8b5064eb8961829fb edd6a34c6501b490734efc00e467af0d0918547c38ef24538fd6cd27c3d28a23fa8fa7cdb2e0ca8c2563d9e0f26a49e4
EXPORTER_SECRET f4d8fb7da33e81485aed55a320fe50affca8b0f0bf4aacb8b5064eb8961829fb 519871da4f7b2cd1161fa894d843e5dc2ca35f939ccc9d0e18948759df0a6a634548f40f8bc3187a4ac03034b3c2246d
CLIENT_HANDSHAKE_TRAFFIC_SECRET 6889267c1a622120812de0a82481825d358941216792a47c537deb98d30ace28 fabe669f554c965c716fdcf04cf63589f6462c4c3ae6275d9eb776ceed42e1d8135c6efcedf83c4dd16ff0f6e5dfe972
SERVER_HANDSHAKE_TRAFFIC_SECRET 6889267c1a622120812de0a82481825d358941216792a47c537deb98d30ace28 7891b56debc7e3e0179d53468a0f54e6cb34d0b2792053167f9dd96586d0f16206dab8dd607e5b2a022212e125315602
CLIENT_TRAFFIC_SECRET_0 6889267c1a622120812de0a82481825d358941216792a47c537deb98d30ace28 64963c26ed35265b83bc387d78e5eda839a27f818a709e7e9ced8611eed8db03f7516032c9a7af473daed3732ae812be
SERVER_TRAFFIC_SECRET_0 6889267c1a622120812de0a82481825d358941216792a47c537deb98d30ace28 dfe8feb8008f781671522216894fa90c7b2d82f5cb8612f96bdbbac02194d72c84cd3144d5b11fa32d476e74602fe00d
EXPORTER_SECRET 6889267c1a622120812de0a82481825d358941216792a47c537deb98d30ace28 e855dbcc1c28891cd6a5b27d0cc6fad8c916ed49ad371af9984115b73988611128eb5bef8e98e0f2e1d2213361219b85
CLIENT_HANDSHAKE_TRAFFIC_SECRET 897b15f933b7b82798b0878b5156c663377fcb9924276d78c6be62ad6d274d5d 9b184230ecd3ffb01f712c03f27d0d82ce3b80c0bf6bd35c59d3b9d8174f53b91d2d89abfa42a7b0f9985f6bc382a41b
SERVER_HANDSHAKE_TRAFFIC_SECRET 897b15f933b7b82798b0878b5156c663377fcb9924276d78c6be62ad6d274d5d 0d0e96e0298d8987a58066246af068f33a6681230611fa05f9350cc8701691e493fd0c5b348d6b57564b843bfc2ef23c
CLIENT_HANDSHAKE_TRAFFIC_SECRET 2dfcfe95e79926f251e662b13552e24a89e14a9e2972206d19f7da8fc09199c5 cade0704e8f3a2144c1c5c800d5f72787da09f4e8733071bda7121f0c5d8865a56e0e2bf9e77bb9d627ec20318e8123b
SERVER_HANDSHAKE_TRAFFIC_SECRET 2dfcfe95e79926f251e662b13552e24a89e14a9e2972206d19f7da8fc09199c5 acb4b0ab2f91c99e413f7d52770f1bced551d40b72b54ddcfb54dcd623297824e854aee5a2fe01c0ac79b4e14f32faaf
CLIENT_TRAFFIC_SECRET_0 897b15f933b7b82798b0878b5156c663377fcb9924276d78c6be62ad6d274d5d bc0098d8101374520a828304ba4940141d3336f488fac0c00a30cca30b962aa831978722fd6a88fe009a0c15d36c8348
SERVER_TRAFFIC_SECRET_0 897b15f933b7b82798b0878b5156c663377fcb9924276d78c6be62ad6d274d5d 3be8fa2c37258aa2ccab425e9b90879d65480260b43f8e272d349cafaf05970fbe5ba8cbc906d7e529347ba3e9ad2fe2
EXPORTER_SECRET 897b15f933b7b82798b0878b5156c663377fcb9924276d78c6be62ad6d274d5d 4e721796b6a18985579ae062700fffb8840fdb03abdb3bf487e9b8cf740316842dfea940f86f08bd3b7549a216e8899c
CLIENT_HANDSHAKE_TRAFFIC_SECRET f073c3e9937df3396a56ac1473ef9f98625b0b346fa256262104b07957bd6e9f 72352f27ad5d9424975c4b9be3b0231130a3508e63959ed31a1c9233723213843b0a60f21865d3f68794361e407a313a
SERVER_HANDSHAKE_TRAFFIC_SECRET f073c3e9937df3396a56ac1473ef9f98625b0b346fa256262104b07957bd6e9f 5243fc566a194515986cfdac117c7ea12abb71adc0ad157d482725e8d8e6b84444361e7901cd7308397a7cc3048fb9b9
CLIENT_TRAFFIC_SECRET_0 f073c3e9937df3396a56ac1473ef9f98625b0b346fa256262104b07957bd6e9f cf7638f68ca14e248b7f3b1fc2c4b5b4174908cc5452cf58c6397fea3503b0a89c871892575c79d200ad8c6deff518b1
SERVER_TRAFFIC_SECRET_0 f073c3e9937df3396a56ac1473ef9f98625b0b346fa256262104b07957bd6e9f 20cb3251c692a256e696437b18ca0fbf8e42ae681eeff84aafb2f51d3c8c81dea8db078615e6235d0a717bb393cb6021
EXPORTER_SECRET f073c3e9937df3396a56ac1473ef9f98625b0b346fa256262104b07957bd6e9f 6b0b6093f606a02e1318be9998057522a21eab2eed1ab44c728b5b70526fbb6ecc27283221f4aadd31fba91662f6d921
CLIENT_TRAFFIC_SECRET_0 2dfcfe95e79926f251e662b13552e24a89e14a9e2972206d19f7da8fc09199c5 4eb95eff564abadb2eb332a0e39ab86aed9ca2ac07f76bbe7289d8fca45f38d2f5feaed00243b901f4953303c212b511
SERVER_TRAFFIC_SECRET_0 2dfcfe95e79926f251e662b13552e24a89e14a9e2972206d19f7da8fc09199c5 5e6356734593898704e0b93e7be7c782179e3c1a1b06721169d314bd116fbf45a7afb1344664f342525b08fa470dc944
EXPORTER_SECRET 2dfcfe95e79926f251e662b13552e24a89e14a9e2972206d19f7da8fc09199c5 d8022bc3f4b2a526f0c74e61ee751d056245f86ec38704b4ed16935d2204b038828f31619e150fd6c2419a25eead8462
CLIENT_HANDSHAKE_TRAFFIC_SECRET 5b102f8bf1d87ea61fe72278790439603c6f28926803aa69d928f6f00d0c6519 798e3ce4745ffe1fb302a4e8117d0be29457dedb462c59e050dcec9d2f054dd107fb36251bf87a1bf032e15bd721489d
SERVER_HANDSHAKE_TRAFFIC_SECRET 5b102f8bf1d87ea61fe72278790439603c6f28926803aa69d928f6f00d0c6519 64b0483b533803cc108deeba5683813d2039732d40414a980e84d058b0ccf3d60730a2c6c7f522a7387368afc4a07dd2
CLIENT_TRAFFIC_SECRET_0 5b102f8bf1d87ea61fe72278790439603c6f28926803aa69d928f6f00d0c6519 3c6253f7bf756f48c52d1c06268dfebde67a470183fa166da6fa755d374cd12a3d2e82fe828f25197fc8abe0270653d3
SERVER_TRAFFIC_SECRET_0 5b102f8bf1d87ea61fe72278790439603c6f28926803aa69d928f6f00d0c6519 0020c96510536c78382ea9a925e02909f3b3f1cde2128815ee50ad1ccdbacd2f975db2b594830a09b52a9e670eb2c1f4
EXPORTER_SECRET 5b102f8bf1d87ea61fe72278790439603c6f28926803aa69d928f6f00d0c6519 5217f13c436eed368238c96d7662b7f97611c357e842afe712d7cb12b7f0644472440d70785188352f3ad4478d0ff502
CLIENT_HANDSHAKE_TRAFFIC_SECRET a918a93112e7743b5afe016101e203b64532b789b50e27190326eae32ad23ad2 cae4acbf5eb8f6324699e324ae03d8f3d21723ad3ce4462c010459b2fde00fb86a7d3256929547a9276182cb353346ce
SERVER_HANDSHAKE_TRAFFIC_SECRET a918a93112e7743b5afe016101e203b64532b789b50e27190326eae32ad23ad2 2de370fd61837143e4b3daa7b9cdc7283ce75c66b7d5fdfb54f0b9583bd6732701a1de052e6894db55ab169e4322a685
CLIENT_TRAFFIC_SECRET_0 a918a93112e7743b5afe016101e203b64532b789b50e27190326eae32ad23ad2 234a81ccef95466fbb84c0d62edd951acf09334546c5d68b5e1c8f4ec81785532780abe74a9f42793961ec73796daf1b
SERVER_TRAFFIC_SECRET_0 a918a93112e7743b5afe016101e203b64532b789b50e27190326eae32ad23ad2 9da216cb8f93a92135210a6b899696bee4d594604cfdaabc9becd16f8cdb7a74d492532e29814d83242ef2131d88e92d
EXPORTER_SECRET a918a93112e7743b5afe016101e203b64532b789b50e27190326eae32ad23ad2 1d28b33c829f1139b706dcae85b372778f6c7efdcbc765b8cf750afb0a4b94632a3817b32f97904364273128e0726b77
CLIENT_HANDSHAKE_TRAFFIC_SECRET 435fca4c817071e58ae81090449e1b3395f096aa6fc02a715a4ad3e1a70e2f3b 47008b1822ef3c6b008a0270ed9c927be657a28b93bb9e5a5dd4ee74ee239a99d36b00332e01c370561bce7485138562
SERVER_HANDSHAKE_TRAFFIC_SECRET 435fca4c817071e58ae81090449e1b3395f096aa6fc02a715a4ad3e1a70e2f3b b6f5f84891b313fd267327c66793d4e5141839f6f27d1a789e58fbefbb6157d0e5bec254f1afc7aea5a77bfdc1efdc3f
CLIENT_TRAFFIC_SECRET_0 435fca4c817071e58ae81090449e1b3395f096aa6fc02a715a4ad3e1a70e2f3b c4edf5c0cf34351b3520fbae5bdfcdf97be3ce553f5ea5d442c395108175cc4b1cc668301759f35fdd52ed9c9718a997
SERVER_TRAFFIC_SECRET_0 435fca4c817071e58ae81090449e1b3395f096aa6fc02a715a4ad3e1a70e2f3b 0def0039cdf6b9f9393cabd141fd957458804baeba0b1d2f1589eff92b6f47d1f42664dce218fd8207ff1cceb8911cf5
EXPORTER_SECRET 435fca4c817071e58ae81090449e1b3395f096aa6fc02a715a4ad3e1a70e2f3b e9bb7e843efc2152456deffdaa9d0218dadd53d14f07fb0c46c3d0834d67a6b44d1687532098c3b803ce494c789a90b8
CLIENT_HANDSHAKE_TRAFFIC_SECRET 025ac2dd9364a9278f7b5435abdbdb53ef3017b641196c212e2c258e2e48325e dfa90e570a573a2341b8e415d1d55d49ab396072da6a84bef96a92394628147e05a08030ab79d7d8db5514cb014cf204
SERVER_HANDSHAKE_TRAFFIC_SECRET 025ac2dd9364a9278f7b5435abdbdb53ef3017b641196c212e2c258e2e48325e b4d2ec22c0a0cac0d88e86f8dc25d7b9a98122ade6eb98ff82b43d2805136da0786defea78e5468ddc73e0722af14c4e
CLIENT_HANDSHAKE_TRAFFIC_SECRET 5e0d1538cac98dcc975fb66003ad449f0b9b7b52de3c5c78d8a6dff655f75c42 a1e45f26649b16a0cd6bba30a10677d5983ddc887beb57e3ee85edbe0cbe01b19655e4485ade79917c5b00065684de32
SERVER_HANDSHAKE_TRAFFIC_SECRET 5e0d1538cac98dcc975fb66003ad449f0b9b7b52de3c5c78d8a6dff655f75c42 02d925917570b6e804f685f19110da0098ddb37b5122f07059e5738d4363f14c841271a1c1486b24a6aef6a41f2e8787
CLIENT_TRAFFIC_SECRET_0 025ac2dd9364a9278f7b5435abdbdb53ef3017b641196c212e2c258e2e48325e 710316fb2358cd344fa76ebf73b69463ade4782128f1501bb29adc718bd8cf0003872b006e1a16f701a0d4b40b65f201
SERVER_TRAFFIC_SECRET_0 025ac2dd9364a9278f7b5435abdbdb53ef3017b641196c212e2c258e2e48325e fc1192aa73d4e8bc11666e2b8d058a8f77f34dca1ba9f37caf2c1d76bd237c0c8be3e906b19e496a15d26efd1695723a
EXPORTER_SECRET 025ac2dd9364a9278f7b5435abdbdb53ef3017b641196c212e2c258e2e48325e 0e398a23ed70d03a1e24f2216c920d637b4bd3a37250af49ef5287c70b6403ad2b2ad91ec9a0584fadaba3f5473502c8
CLIENT_HANDSHAKE_TRAFFIC_SECRET 2452cae815485a5bf8727cf622275a1fc05f4042787dd040f4b184a679d76080 03eb450eb7f0be577118f1e9175012a20e33d6541c3a0c91ba9c00841094e18d
SERVER_HANDSHAKE_TRAFFIC_SECRET 2452cae815485a5bf8727cf622275a1fc05f4042787dd040f4b184a679d76080 6e0abeb77c806c0a6d8b22c26fc986326f03d1b652becbf780622e047631741b
CLIENT_TRAFFIC_SECRET_0 2452cae815485a5bf8727cf622275a1fc05f4042787dd040f4b184a679d76080 314dce00c2daeaae41fa180ad0b9d8a860672f84a62d3ac8947102860971d6b2
SERVER_TRAFFIC_SECRET_0 2452cae815485a5bf8727cf622275a1fc05f4042787dd040f4b184a679d76080 5d0e040fed4615d5876855110fd585a1e53968205e3fa3b4e302152d6bcd7b7b
EXPORTER_SECRET 2452cae815485a5bf8727cf622275a1fc05f4042787dd040f4b184a679d76080 0906bf88bb22a2127ec9529cf9a3adee328cbf6da90ac0107e35607f39b70e5f
CLIENT_HANDSHAKE_TRAFFIC_SECRET 3147787e5b660a1e1e97296b4813b849b4e3cb490f880bfd9a4b01bfa013d980 9e67406e2b9605d933a1828819cd683a18a0a3711066ed99bd4798e72af3d50e74e4b89fcad09e09f42b1bfcee491d7d
SERVER_HANDSHAKE_TRAFFIC_SECRET 3147787e5b660a1e1e97296b4813b849b4e3cb490f880bfd9a4b01bfa013d980 39c22ecd527b22d2bb1107e948242bd1cd16d171b28c214e43da87b3bd06f95a80b7c5079c6e260acea5302f4dc0a977
CLIENT_TRAFFIC_SECRET_0 3147787e5b660a1e1e97296b4813b849b4e3cb490f880bfd9a4b01bfa013d980 87b9a1f1e438e5409e455317c525f95e0d35880b43aef47b059eaa32488ca89b4f78939838fab54a711f89f1c6a33225
SERVER_TRAFFIC_SECRET_0 3147787e5b660a1e1e97296b4813b849b4e3cb490f880bfd9a4b01bfa013d980 045306ef495036e6626e5ab7ec163a6616cfa37297d0ec9ac6923be07c068275a501f120d57d5f8006291c3c9a21da9f
EXPORTER_SECRET 3147787e5b660a1e1e97296b4813b849b4e3cb490f880bfd9a4b01bfa013d980 77af3b36ef24e8748981c191c7dea06ea5cf62bdcd929d4dd0a326ac86dc6c1167ba06698ae104b62504cc7ddbe09412
CLIENT_HANDSHAKE_TRAFFIC_SECRET b1cdc4e6d46d873965db94fac70826ed971022fbf9ef4c0dbf81d56de0c5103b 8a73c872bdea1e19aeb97c84f5e805fdfe839b43a39c90a11d2a64d0058a7035069a96feca6133ec4e40e5a666aa6ced
SERVER_HANDSHAKE_TRAFFIC_SECRET b1cdc4e6d46d873965db94fac70826ed971022fbf9ef4c0dbf81d56de0c5103b f3560268204a271e8f548cd25a42bd0516d4ee208e4d425ef84c3f116aaf5a1ce4a3692383a4b8e895bb32a88193e118
CLIENT_HANDSHAKE_TRAFFIC_SECRET 5b82e560448b746a9c24fd6433eb62da025ee6a399637fe831270e7a25385bcd 0781237a978ad32a257d190fe0457a474a302fbdff7262fc3d479d160e89abd114e19bf96ddf2650d8af8a2ccbb21fb3
SERVER_HANDSHAKE_TRAFFIC_SECRET 5b82e560448b746a9c24fd6433eb62da025ee6a399637fe831270e7a25385bcd cf9bdc224f4ee7c0d78e66e977eb83b54c385f0c5a972aae1a596431403016dbabf650f6491ffaabff5abad3f41ebaaa
CLIENT_TRAFFIC_SECRET_0 b1cdc4e6d46d873965db94fac70826ed971022fbf9ef4c0dbf81d56de0c5103b 1e8f694936a6ac9d3c061f10f6ce2f245c7da4b7c0263e491e418a30a2468e16e0eada074e2f835c5de9398ad0385337
SERVER_TRAFFIC_SECRET_0 b1cdc4e6d46d873965db94fac70826ed971022fbf9ef4c0dbf81d56de0c5103b 6da94d5ccbcdd51a52d75d76643336059733b3217e532b11f1197885ef7b7ac64c2123a781f43976777ec9c49093310e
EXPORTER_SECRET b1cdc4e6d46d873965db94fac70826ed971022fbf9ef4c0dbf81d56de0c5103b f3e42f948229cc9de9349eedf52f24e03ac5d871e9baab0b5343d291befd4cfd451c01ebaa0a230cb1ae5f3ba6b668c5
CLIENT_TRAFFIC_SECRET_0 5b82e560448b746a9c24fd6433eb62da025ee6a399637fe831270e7a25385bcd b608e3fa9be3bf2594f1d5e0c0f48535ae64aba4de7323f6dc030a1082ac1a65bf82f191bb9c18bd99a9f975af17e9fc
SERVER_TRAFFIC_SECRET_0 5b82e560448b746a9c24fd6433eb62da025ee6a399637fe831270e7a25385bcd 57d3a695984a68eb99382d58c21cda53755f191e4cb3ceea5122ef017cb738015916fcff203264d3331996f181af73b2
EXPORTER_SECRET 5b82e560448b746a9c24fd6433eb62da025ee6a399637fe831270e7a25385bcd 9fe5d8321832d0a8e4d6f957b4fb9aab10c2f481ee8ac681d779dcf52c8256d95653348e70aa1f09d44557ef1649cb0f
CLIENT_TRAFFIC_SECRET_0 5e0d1538cac98dcc975fb66003ad449f0b9b7b52de3c5c78d8a6dff655f75c42 222bfecbc12fc118b116419796e7561d9ead64a309417952e4c88b88211557523520ad7c047d90c0445d93e69d96a001
SERVER_TRAFFIC_SECRET_0 5e0d1538cac98dcc975fb66003ad449f0b9b7b52de3c5c78d8a6dff655f75c42 4cf38831b49b04ceb9a1b515997f1e1cd9904e38c9a40e73a431502cf05aebe07e380abcac278dd76d75d6f85e686dd5
EXPORTER_SECRET 5e0d1538cac98dcc975fb66003ad449f0b9b7b52de3c5c78d8a6dff655f75c42 f95cbe60a79e086036f678396cf58a7152e49e4c69a33f27010037f823c37ac7dc958047947cf5eedd7d8ad2aed5c5d5
CLIENT_HANDSHAKE_TRAFFIC_SECRET 11e818afc318011f87b8be97f32aa52e925f830d277253b4eb6e686848dc0edd e0d418b4826dc20fdf3858a5c36f20f8d7f8698d9f3c8d364b189ebfed222ba3f2fb6b260c47ca23f432f41cf2d6e10d
SERVER_HANDSHAKE_TRAFFIC_SECRET 11e818afc318011f87b8be97f32aa52e925f830d277253b4eb6e686848dc0edd 0b8051cfd654964067c69e5160bcc43bdecd76f312fc05f9ecd84288659e24ea13ddc794c2ce2004ed7307733729c0aa
CLIENT_TRAFFIC_SECRET_0 11e818afc318011f87b8be97f32aa52e925f830d277253b4eb6e686848dc0edd 337016ab105119b913ee63968b35ba1af2d92ac69db57e6906f7630353275ee72f71d302f4bd5dfe4abf3c1ca0fc960d
SERVER_TRAFFIC_SECRET_0 11e818afc318011f87b8be97f32aa52e925f830d277253b4eb6e686848dc0edd 38279511a48191511698196f86f24e9e2d6e5ec396269b594d728de95b9ae237068b4a53f95abe5a4acb2e49d7499557
EXPORTER_SECRET 11e818afc318011f87b8be97f32aa52e925f830d277253b4eb6e686848dc0edd 45f098ccf121da586b5d694d70babf1952c066bc18c51ad22678fce549724e8d54db46cf59978e3ea563d86f8fa49f33
CLIENT_HANDSHAKE_TRAFFIC_SECRET 991d29b0b9aab2322e148084b2652ed0bf4b40291d61bb915a654436cda49a73 bc55caa754cbd8bba7280bd54b5e459c3c86761c4ba674abd58dc997836dfdf674f1a9fb8b0489d5c059387af0365195
SERVER_HANDSHAKE_TRAFFIC_SECRET 991d29b0b9aab2322e148084b2652ed0bf4b40291d61bb915a654436cda49a73 dc0b4b7af540acce0c43438da103c46ed77fc8fcc94402d454a8e88f1bf70bc32ed8b4288c4a52cc506b93585985cbc8
CLIENT_TRAFFIC_SECRET_0 991d29b0b9aab2322e148084b2652ed0bf4b40291d61bb915a654436cda49a73 4b71ee50be4b735b972522062d163cab86294e3a00fbfbb9d1072ab03163294bb01a8684b6ce261b648fe46e27a770bc
SERVER_TRAFFIC_SECRET_0 991d29b0b9aab2322e148084b2652ed0bf4b40291d61bb915a654436cda49a73 dfb650e8fc241ecd1ec5636a7883e8fdb983ca5c235eecf50988fd0e31f93a5ccf3e0c1913c003f0a3657c38ef1a36b9
EXPORTER_SECRET 991d29b0b9aab2322e148084b2652ed0bf4b40291d61bb915a654436cda49a73 9dab53eee485b3fac8099bc57331398f254544410c9393d790cb5008d1d7a16c3c2b3e27ca3b3e8970877685e9655d24
CLIENT_HANDSHAKE_TRAFFIC_SECRET 7ecf4c05259b3d731377de28b1ea5a58dc6a103b99adb24c2b657720d9cd477e b994da889692b7ccf50ebceec0a7ba3a91f4d2469165ca8b795f32577f3dfd74e8e62e92383707f6af35df6d85e3b81d
SERVER_HANDSHAKE_TRAFFIC_SECRET 7ecf4c05259b3d731377de28b1ea5a58dc6a103b99adb24c2b657720d9cd477e da1810a809b8f8142fd1368c0bb6aa666fbb8fa576827575063b3b5f686c6bc4a366e9a00a532957b5baefee36460922
CLIENT_TRAFFIC_SECRET_0 7ecf4c05259b3d731377de28b1ea5a58dc6a103b99adb24c2b657720d9cd477e 6fb4f4fe9aa58fbd9db39b839be6cfee35b058dd36acc0eb80eeacb5f3346405d23c9a21f82291174eb68862725f419b
SERVER_TRAFFIC_SECRET_0 7ecf4c05259b3d731377de28b1ea5a58dc6a103b99adb24c2b657720d9cd477e 7b38fa8d61e9e48d2510799cd44ad3182b67a4ef5d0f4ba73af61ce7911142abf08844c5416d51c78f08dc8acdff700f
EXPORTER_SECRET 7ecf4c05259b3d731377de28b1ea5a58dc6a103b99adb24c2b657720d9cd477e eafd8fb76e71191c057211aac592acb7fda6c7eb63a6fe0c6a5ddfbe082ab94030e0cb895a0f1ae40b0000d97bccf269
CLIENT_HANDSHAKE_TRAFFIC_SECRET 454d0999302c252de37af73b1072500f75f768b537ad542e0b6c0b8ffee6720a 57c44ba79cbbe7381869fd3c5ce303139c78cd4bf050e571ce3f06a451b4e961ead18e03b6e79fd0015c386e2aa1b793
SERVER_HANDSHAKE_TRAFFIC_SECRET 454d0999302c252de37af73b1072500f75f768b537ad542e0b6c0b8ffee6720a d6e1519a3b353bfae857b19ad9ad9cb7f971fe0a9feb02c91a5ca6de5b419e29cf84ecabe5a83ead521c0d30fbb478b8
CLIENT_TRAFFIC_SECRET_0 454d0999302c252de37af73b1072500f75f768b537ad542e0b6c0b8ffee6720a 63f033b569748ddf4332da663382cd16ebae54fc37827f1045548959c264d513876a3d380f967c7d0206dc43bb9491e2
SERVER_TRAFFIC_SECRET_0 454d0999302c252de37af73b1072500f75f768b537ad542e0b6c0b8ffee6720a 3ee7ecb4138b383c211991d67fa14d9643db63063a9e2b8430f6fb68cee1294619801193ef26c2c01104ee54b96605b7
EXPORTER_SECRET 454d0999302c252de37af73b1072500f75f768b537ad542e0b6c0b8ffee6720a 9b17c589d09a21ac965ecf4dfd99621a4c64968d74530065c11eb906de803bc1bf89104523f4333dfaa96bec85ab37e0
CLIENT_HANDSHAKE_TRAFFIC_SECRET ac572eb2d5e4abacb56b311d4711b9fe61bd14a6de123012bab9f170f7891bf5 841699384a21c4fda3fe389cf111b53b656ea256adb031c150a5296d31eb8c73230ce42e1acd216c97248ce66d0ded59
SERVER_HANDSHAKE_TRAFFIC_SECRET ac572eb2d5e4abacb56b311d4711b9fe61bd14a6de123012bab9f170f7891bf5 dd02e5098d8f3cba99cd1644f9af4d6de25803a911455ff0945fa5dc6042098104e34a4f8f3e601b3d75add792800ed4
CLIENT_TRAFFIC_SECRET_0 ac572eb2d5e4abacb56b311d4711b9fe61bd14a6de123012bab9f170f7891bf5 492429268d6248550e62453431a35cc1074532c91ac14a6588350f36131a7aae5e2aac2d1da70c1a1dc49221886797bb
SERVER_TRAFFIC_SECRET_0 ac572eb2d5e4abacb56b311d4711b9fe61bd14a6de123012bab9f170f7891bf5 60cf1b7a7e95beb10709400ae90f98d84cfaa7dd353b2509b00c2d9ec970f5be6c4349cc34ea535e9f70623bbdbacd44
EXPORTER_SECRET ac572eb2d5e4abacb56b311d4711b9fe61bd14a6de123012bab9f170f7891bf5 3a5d237219add32ba4604ec8f49409faef7c9a2d8ed4c2ed8afc1659f99ce1000aa06e8475b6fe328edfba62eb8539c1
CLIENT_HANDSHAKE_TRAFFIC_SECRET 9ef5d5b9fb6050ec63ae1e923c2588d0407b3440a40a8434e3edf4f36441d825 d2e74507c389b09cae8e697ed62696b535da90f02c13ba32a2c3ef6c106e91a02fa37460e267585175e3beb0f88fa07a
SERVER_HANDSHAKE_TRAFFIC_SECRET 9ef5d5b9fb6050ec63ae1e923c2588d0407b3440a40a8434e3edf4f36441d825 cf2db0c00f9d3413e89cd2a4f2fad4a911220eaebc861bd10f57e481699db131f844f0947c19774319901d38913b26eb
CLIENT_TRAFFIC_SECRET_0 9ef5d5b9fb6050ec63ae1e923c2588d0407b3440a40a8434e3edf4f36441d825 cfe0a2098e5057ae5aff0e2599f7611b64532a3cac5a5ca5203ce884338b522f2286d8aa39a2033898353dcf91ef8876
SERVER_TRAFFIC_SECRET_0 9ef5d5b9fb6050ec63ae1e923c2588d0407b3440a40a8434e3edf4f36441d825 0d815613b999795cbb263ddcbe19f99c484efd3199cee29b4b63eacc0bcb3bfb78bb94219ed28933bdf3d8e826b6f2fb
EXPORTER_SECRET 9ef5d5b9fb6050ec63ae1e923c2588d0407b3440a40a8434e3edf4f36441d825 03d0028de584b29857805fdac2a757bbe53c433a0dc179e7991cfc437afb972dd09c32aadafb22f5baa883db1b9ba57d
CLIENT_HANDSHAKE_TRAFFIC_SECRET d4cee8a718bb94ea956f5cfdbc1192d012149847663f70ecf939cec5cb93fb96 2d3aa031c954147b5a3eed7fcffa7554229cabd6cfb4f3913cb4754e3edd60e658fa30f9613d3bc7d686e21c3c273ae8
SERVER_HANDSHAKE_TRAFFIC_SECRET d4cee8a718bb94ea956f5cfdbc1192d012149847663f70ecf939cec5cb93fb96 8925f446facba0b9dc7aa67ebfad796433805fad1d7d3505bd0df8c7a3ce2bc9a164e250f56b9192f3d3948ac90960c3
CLIENT_TRAFFIC_SECRET_0 d4cee8a718bb94ea956f5cfdbc1192d012149847663f70ecf939cec5cb93fb96 e326083a7e5cf154083f026ede1e223fce9a4bffd060bf1faa44fffeae354b840298abaf244209a8d47fd0e3b72d0688
SERVER_TRAFFIC_SECRET_0 d4cee8a718bb94ea956f5cfdbc1192d012149847663f70ecf939cec5cb93fb96 5a999b71a774ea256b37d5faecf627a74538a9ec29def1155ba69782c9b0d2377f943647722391703d9583b9828c44aa
EXPORTER_SECRET d4cee8a718bb94ea956f5cfdbc1192d012149847663f70ecf939cec5cb93fb96 759dc9c15bfd6636c5c6525079d3bdbd92db849d96ea374469b9681fbc39c44cb93cf6510bde9caa35257f8e93c01790
CLIENT_HANDSHAKE_TRAFFIC_SECRET a24591dd4e3646e042301624529cc74b778c08720c44f3f9f15c1b63274629b3 bbef8ce53dfa99e7a1dcd11ba464f081552502ab9263b30a30e9622e4f02c580b5d9881ea4a43e2738b9d29186fd639c
SERVER_HANDSHAKE_TRAFFIC_SECRET a24591dd4e3646e042301624529cc74b778c08720c44f3f9f15c1b63274629b3 26c60ccefe1b0e02a7ceb5d96e4f2868011378e52ef77db232b9c8103abfe7b4947b0e195b73ba13a00ceef806f72168
CLIENT_TRAFFIC_SECRET_0 a24591dd4e3646e042301624529cc74b778c08720c44f3f9f15c1b63274629b3 27f3ba9fe717f937186c3885400999b602400fc7b4f5fd77ca14410b57ca3bf7e2203d5607be91d704e94ca0c898f10a
SERVER_TRAFFIC_SECRET_0 a24591dd4e3646e042301624529cc74b778c08720c44f3f9f15c1b63274629b3 bb0ba1ed76cce3551dca293bd6377c4c1c392cd98a61cef40b01750b3eb2f0235c2061be7643a9923a2e05804ba46db4
EXPORTER_SECRET a24591dd4e3646e042301624529cc74b778c08720c44f3f9f15c1b63274629b3 a471ab7f74f73b204a50fdb58670fc76bc27a842eadb994a0e3ece159a51d548073ea89a0d7d4010285542e363e32fd1
CLIENT_RANDOM c76d5cde51b74ad115c8f2b6daccf30eb089bab040bb388b9ff59931054d6fa2 521f0b08a746f403dc501b790a810b9034cffaf8d88ddc9f3d222d9a36c622acedc9d3de936523e1923cc4be727c9f4b
CLIENT_RANDOM bc6312c5c685a7f625fb2fcb80276ff713fe33e6e3eb7d01c967f6e41bc82906 242257d8fc4f4ed4b153daabf9eccd305389dfec0468f674c17e444240fce2207e6463ac79bdfb2c9e9c98c28080b273
CLIENT_HANDSHAKE_TRAFFIC_SECRET a46955824ab6e0f4dca9ddaed42e2dedfc04c8fd18ce7d733f37a7dae7cdac6f 9454363ebcb6eaed09628cbc3fb23375efd0ad034e694654d2fc97adba2c3d29d8f643dc7aa029c5dbd9ab269d2778b6
SERVER_HANDSHAKE_TRAFFIC_SECRET a46955824ab6e0f4dca9ddaed42e2dedfc04c8fd18ce7d733f37a7dae7cdac6f 2a14946be68472ed45aa2a707b2c3366ca6c9937f7b1f555833178f0eabb672e9c690b1d0e37a06321180bb46d0df070
CLIENT_TRAFFIC_SECRET_0 a46955824ab6e0f4dca9ddaed42e2dedfc04c8fd18ce7d733f37a7dae7cdac6f 192db430be3f800b00c90a9332686d0ca6b41ff089987f16b843173259c389a321663820ba1b912731001bc11739a330
SERVER_TRAFFIC_SECRET_0 a46955824ab6e0f4dca9ddaed42e2dedfc04c8fd18ce7d733f37a7dae7cdac6f 5f060db39cae771464d1673e8a617a3db9a452d34300daad7a59c6cbf8f10b073ef4903a3f8072f9a448b41e439cc142
EXPORTER_SECRET a46955824ab6e0f4dca9ddaed42e2dedfc04c8fd18ce7d733f37a7dae7cdac6f ddf735bacdf616a26e2292fd267dbdbf8624fe70de98f5773b89d38bc857ec8ff6679ff5d9eddd559c50b0b7494e0804

===============================================
edge DTLS1.2 keys
CLIENT_HANDSHAKE_TRAFFIC_SECRET f1bf7afef44a15669e809f238ad35e433a1ccb81dac4e2bd6369037985bedd70 e683253e4d8a3a24b75c0aac3358c49787857be171ca12ad851c95f225dbb13c24e87197d2030da13dae971bbdbe2d1c
SERVER_HANDSHAKE_TRAFFIC_SECRET f1bf7afef44a15669e809f238ad35e433a1ccb81dac4e2bd6369037985bedd70 1319e52c84dbfffc3536a75213fd7fb88e35924aa8561a29d7d0e07ed6cabf314d9b6f3f99b7b1af410ee2722b6010ed
CLIENT_TRAFFIC_SECRET_0 f1bf7afef44a15669e809f238ad35e433a1ccb81dac4e2bd6369037985bedd70 674682d6bd3b74a5432380724546855f7083dccf6b06ac8b11fa411ad2e03fa46ee359f900c3576fd56ab5ec00c9cf12
SERVER_TRAFFIC_SECRET_0 f1bf7afef44a15669e809f238ad35e433a1ccb81dac4e2bd6369037985bedd70 ad2f7509f320a0488e711e4805a0ca0c5770d5f8151451ee7332f6d8758250f11dfd59ee46c7649eb1a5c2bd035effa7
EXPORTER_SECRET f1bf7afef44a15669e809f238ad35e433a1ccb81dac4e2bd6369037985bedd70 d5c393deec6b6a94365190be97a8b740d85cd21c850835a3910df4f1679be59aa49eb9079f53fa873c2aefcebc6b2144
CLIENT_RANDOM 0bcd25bf271daa60637773dd9df329ab2711f009868cb2a6e865213ac95cf912 32ced6a75bc26ac8ec20a6f390b55681282b5e3060299744f877aa92c36d01f8c20de4d5242f6677788cab90aff306ca
CLIENT_HANDSHAKE_TRAFFIC_SECRET 80dd033e21cd614b54d075c4e70b8c4054e1c7629a766933ee0105c1347bf07a cc7e3c5c5588baead0dc6a2ec2c2b7aa5e30646e8947e326552e057361c8b04daa462996c1f7d703a127508ccd48afe8
SERVER_HANDSHAKE_TRAFFIC_SECRET 80dd033e21cd614b54d075c4e70b8c4054e1c7629a766933ee0105c1347bf07a c4fe1fef0411607be4a2098d2949b9d158679b7e924614135c6d3992ab0669392a4727210e630d00b0f772bec176d41d
CLIENT_TRAFFIC_SECRET_0 80dd033e21cd614b54d075c4e70b8c4054e1c7629a766933ee0105c1347bf07a e463952c8125a349ea4c9f48856c03b1743408ab6ae65f073b4488ad4c153ccf7a3bdb80fdf2b085eeec6226ad45a8ea
SERVER_TRAFFIC_SECRET_0 80dd033e21cd614b54d075c4e70b8c4054e1c7629a766933ee0105c1347bf07a 9cdd6d81b833131b00f86159ef45c6705fa7b9c88b3a16ed2ff43550a29d6c1545daae7b483b36ba740d01ea63e4b04c
EXPORTER_SECRET 80dd033e21cd614b54d075c4e70b8c4054e1c7629a766933ee0105c1347bf07a 0effec1e19bf65002086a214a41ef174b8a9ba54b061dc455286111a9d0ba419dd463c82f5394479f609e271a79da5e8
CLIENT_HANDSHAKE_TRAFFIC_SECRET e0eee2c82bed737f02cab34157cb5f0c4cba93d542cc7266d2a1d82a9e17cd95 4aab2e26b336a78561f4c7ba00f12f988d97eb445608ab80f88d466a76ddb8c21c1db62b3014881d77c59eff518d6696
SERVER_HANDSHAKE_TRAFFIC_SECRET e0eee2c82bed737f02cab34157cb5f0c4cba93d542cc7266d2a1d82a9e17cd95 0bc847e51f94ac262d954b9e8fd1a2c41b875b81bbca591e0317981be1ec4e2855c633a702f40ac2de162ae8c09fc860
CLIENT_TRAFFIC_SECRET_0 e0eee2c82bed737f02cab34157cb5f0c4cba93d542cc7266d2a1d82a9e17cd95 b783e76b0b863831ac34d39eecad3041a1c4bc3ed0c578704f7363bbb70395a97a09d939dfe8aa0e082eba10598af28b
SERVER_TRAFFIC_SECRET_0 e0eee2c82bed737f02cab34157cb5f0c4cba93d542cc7266d2a1d82a9e17cd95 5a854d016aae65feb8525fe3bfba4a26849441eccd55fd42fd436334287f160f047f1329ca0aa69bbe138232ebacf3da
EXPORTER_SECRET e0eee2c82bed737f02cab34157cb5f0c4cba93d542cc7266d2a1d82a9e17cd95 5ac6096e53e2adeee946efd682d6e00ea863abb8a9aac69d123baa6c4e378ac43110980dcbc581a7c337d513e8e80862
CLIENT_HANDSHAKE_TRAFFIC_SECRET 6e56427d97026491c2b7e9bdd2c8eeacddcd3b3106841a88a9c67e6ee5381be2 d68bf624ce2f0070befdb206b2aec90ed9c8475a11d32fb32a04bb9bed8d5c1be62d3f65c856dca43c833a4b5631b482
SERVER_HANDSHAKE_TRAFFIC_SECRET 6e56427d97026491c2b7e9bdd2c8eeacddcd3b3106841a88a9c67e6ee5381be2 81506cb7f841d45ac1e4cced3fc57c68d35cd6c2f3969d6f36abe8acb5b13f1e31cae7a9dba13c0d2bfbfcf703daeb4b
CLIENT_HANDSHAKE_TRAFFIC_SECRET cf345f0ce57f1799e34e221d9e75191569db4e530c89a394d332698a6292e80a ec4c23505a20f9a2792f6a04ffce9b4c5eb92806136adcb9d078cd23b578453da37baf4f42d1c8c70caad27cc6ddabb1
SERVER_HANDSHAKE_TRAFFIC_SECRET cf345f0ce57f1799e34e221d9e75191569db4e530c89a394d332698a6292e80a f9f2caefcc8993e4349db7d6543bd7a69dd8796149ad8b636dc1f194bfb59662426f05ec56e6ad9b29b562207b7d8903
CLIENT_TRAFFIC_SECRET_0 6e56427d97026491c2b7e9bdd2c8eeacddcd3b3106841a88a9c67e6ee5381be2 bff8235c0a9ec49a8b1c98d05e167ee547df444c85a1f600639e16c2559d6cd3d743c8620a06835a51e21dc04b3a542d
SERVER_TRAFFIC_SECRET_0 6e56427d97026491c2b7e9bdd2c8eeacddcd3b3106841a88a9c67e6ee5381be2 39908bfd59f5002f8e8b392d58c1a4d4a20481dbb32cf0218d121e95a573338850ff310aff393486ac09fba9dd1eba94
EXPORTER_SECRET 6e56427d97026491c2b7e9bdd2c8eeacddcd3b3106841a88a9c67e6ee5381be2 e66a4fe0f3c65371569403e8aa80d05daa165bceb6c508c23524a5e1b16d1bf0a57ab12d90de7754c638bc583991c343
CLIENT_TRAFFIC_SECRET_0 cf345f0ce57f1799e34e221d9e75191569db4e530c89a394d332698a6292e80a dc34251a47774611af66b017add7366240aa3feb743bad4f98fa7b1974b3691bbd270c359d7a3c389f96abd147ce428b
SERVER_TRAFFIC_SECRET_0 cf345f0ce57f1799e34e221d9e75191569db4e530c89a394d332698a6292e80a 904b978a203c0ecd71cfbe59e1959c2e7c9aea72c9869e14b05571c0f86c666d68a5283085caf239c930ee35327c053b
EXPORTER_SECRET cf345f0ce57f1799e34e221d9e75191569db4e530c89a394d332698a6292e80a e3304e9a3a258088b3de745f0ea5975431a550bed93cf281e79c1bf3403487dc42a7e608312d18bbb8ebeefaaf261295
CLIENT_RANDOM 92af44a0dea1a4e86b2f125368da12aa75dad0e22143263ace0af4952539b13f e686631d50d26362a92d50a06564702bfaec689630f1e71c2a2da6d294933a8c4ee44e98aadd9f64c8fa229a9345e6fd
CLIENT_HANDSHAKE_TRAFFIC_SECRET 69f34928d5e54dd4ee818fde35c7422fe12200d52616a0bfe8294b335298a8e1 e880911d611189c7f5ee277b2d25c6ceedd092c6980fac47d7b60351378ffa471bbe32c882b2dbe021a50f469346cc9d
SERVER_HANDSHAKE_TRAFFIC_SECRET 69f34928d5e54dd4ee818fde35c7422fe12200d52616a0bfe8294b335298a8e1 42667ef12221a0eca870e2e70b86e3bfbb6eec2520335d660c9a29356f8e1707c3f9d70deae61f13e009077060f84018
CLIENT_TRAFFIC_SECRET_0 69f34928d5e54dd4ee818fde35c7422fe12200d52616a0bfe8294b335298a8e1 4b8403beedd3390584eeccaf88b13b3eb88435e76b45ab61d7c37319526140cf1f8aedab7a50fc087213964721036fa2
SERVER_TRAFFIC_SECRET_0 69f34928d5e54dd4ee818fde35c7422fe12200d52616a0bfe8294b335298a8e1 34f0af26fcf78ca4ad219eaa8ba7e0853ac7c6077d36c640bbe2292de9121d2e2e9552d85bbaba4b91787153869e137d
EXPORTER_SECRET 69f34928d5e54dd4ee818fde35c7422fe12200d52616a0bfe8294b335298a8e1 ba32dd49a48158521a56d95d2869befeef8cb290d7421c09ecadc18f4c0f1d6d01bcb5430c0a406672461732638993e9
CLIENT_HANDSHAKE_TRAFFIC_SECRET 1b2ac1b7723cbe561d43e78a00ccf816458f92ac323b17af62ad7664b50d4b9b 3d60c813e86ba46ba16a51ab3976ebd005b52a9e0580747c42ac6bb2406524cb8e2a05ed8d68aeb11b357bd49a86af96
SERVER_HANDSHAKE_TRAFFIC_SECRET 1b2ac1b7723cbe561d43e78a00ccf816458f92ac323b17af62ad7664b50d4b9b de0fb404fa8a0fb8ff4f645ea8e5a568b95561a7719919385efc60a874e7e8fd37fb1b9751b40dc680ca4a40c1054280
CLIENT_TRAFFIC_SECRET_0 1b2ac1b7723cbe561d43e78a00ccf816458f92ac323b17af62ad7664b50d4b9b d8ac94c6af6c83ad2130c02dd43b2d88e8ede9687176565cea673f2f94553a816656e3714bea94411925dc3022127bac
SERVER_TRAFFIC_SECRET_0 1b2ac1b7723cbe561d43e78a00ccf816458f92ac323b17af62ad7664b50d4b9b 7b3a3f931c445ef645d72f3763f55958aa93e21f8e80fd2cfb2913c52abbc4085806083e6e30db59709c970f679dc1fd
EXPORTER_SECRET 1b2ac1b7723cbe561d43e78a00ccf816458f92ac323b17af62ad7664b50d4b9b faa8f8d0259c606e3fcfd421c6b3a7facb865a48dd7eef1521642bdcd319fb36040f716e2e3a1c55afda9f804c2316fa
CLIENT_HANDSHAKE_TRAFFIC_SECRET 16bffa3d568fd5057d3722871355538dbfe963e77f032b0b74a21229c7188d86 c25fc8d6940a22f1dd1cf8b101fa0b9317d7d41c248844c4b4b57555cdf652db
SERVER_HANDSHAKE_TRAFFIC_SECRET 16bffa3d568fd5057d3722871355538dbfe963e77f032b0b74a21229c7188d86 1a8c70d15dfdc5a28f2232475d8738c4860b114517c185ee4f46c05587af4aeb
CLIENT_TRAFFIC_SECRET_0 16bffa3d568fd5057d3722871355538dbfe963e77f032b0b74a21229c7188d86 0a56b88c015e47657d8d0ae36153065716ac0ecb83ba0ae724f0d4945b6b7e00
SERVER_TRAFFIC_SECRET_0 16bffa3d568fd5057d3722871355538dbfe963e77f032b0b74a21229c7188d86 507ade1cce372f9a4fa5c6e53b686bebeccf583424ff8e3666fc7ed95bf26c6c
EXPORTER_SECRET 16bffa3d568fd5057d3722871355538dbfe963e77f032b0b74a21229c7188d86 b5078089b3c1bbfaa4b90d324be5e98bf4b3b9ff795fdc6bf3a5798f8be344fc
CLIENT_HANDSHAKE_TRAFFIC_SECRET a07f6d85767ceb9ab87bb6d4f400a061fb3a29eec8fb7418b9bf5e1d78f2ef8f 788378f0677f74b64b2d3c7c75be4705c118da91585c29cc4496736d5a389c3e743513ff43b8f3dc9d3a4101c71a3950
SERVER_HANDSHAKE_TRAFFIC_SECRET a07f6d85767ceb9ab87bb6d4f400a061fb3a29eec8fb7418b9bf5e1d78f2ef8f 986c155fdffafeb1b908077c4a0486bc98741d5d433dfae07028d4aa3d369fa89ebd6090871a835ec193e2600eac7bd7
CLIENT_HANDSHAKE_TRAFFIC_SECRET 65eaae873607ec8aa488ebdbe1842f1ecfe8cdabc9442f316547c9c5b7e4039f 80ac81b4fff974515a7683ae3b2e7652380d58c8a3d68313ef7f2a9d6fc6c534f1fe8cfcccba0bef4bf2c796e7e60805
SERVER_HANDSHAKE_TRAFFIC_SECRET 65eaae873607ec8aa488ebdbe1842f1ecfe8cdabc9442f316547c9c5b7e4039f 88acfea9d64f87b37ed31904b35a993b77920fd67efa80530936cfd4fbf7cb03c8f97c68ea007c7b61bea304b9cdcf15
CLIENT_TRAFFIC_SECRET_0 a07f6d85767ceb9ab87bb6d4f400a061fb3a29eec8fb7418b9bf5e1d78f2ef8f e35e80d912d3ee1cb1fdd6002523b0f2f6c69b1021e7e9780fbffc855eb9675f96d98c4f884cf1a4749a983a64acb28c
SERVER_TRAFFIC_SECRET_0 a07f6d85767ceb9ab87bb6d4f400a061fb3a29eec8fb7418b9bf5e1d78f2ef8f f76bf4b991229aef3e104f26144bbb05d46b026e43c7abef346a2333c1a29c053a70089d837e24a50b4283f00aae661c
EXPORTER_SECRET a07f6d85767ceb9ab87bb6d4f400a061fb3a29eec8fb7418b9bf5e1d78f2ef8f d41ded71ad29cfce3f8ee4e741f3669ced86e70afb83e86616733da3bafee3a10ebe3a0fdb386dcc89fef03ee3a4f74a
CLIENT_TRAFFIC_SECRET_0 65eaae873607ec8aa488ebdbe1842f1ecfe8cdabc9442f316547c9c5b7e4039f 2ffcdc7dbed3412e58c54485899d396cfa8ac63afedd8496f013a2187bb4bbfd19667c8a0229a703bc413f0aba13e517
SERVER_TRAFFIC_SECRET_0 65eaae873607ec8aa488ebdbe1842f1ecfe8cdabc9442f316547c9c5b7e4039f 3094a29a4893a516f3a12e366c7514940b37c1fee4649eb97f11753a498c6d4d3df4400d1fb8b100e718631c8d4c0748
EXPORTER_SECRET 65eaae873607ec8aa488ebdbe1842f1ecfe8cdabc9442f316547c9c5b7e4039f 4055a82c627ab8cdcf843a0458d9955461c5541adb720ce85434c47d6650744fbc4d0dbf1b84075355517e9bc58565bb
CLIENT_HANDSHAKE_TRAFFIC_SECRET a2c186f3e0e821c7e514201c828784b6ed7285b5a27a2f4edf62d5abca51ddbe c78aebde593b6e679e5103071af4041756c3136d4a3b0e9801ec73f9b0172e37e1a148d6ff356f2dae490f16ec6b905e
SERVER_HANDSHAKE_TRAFFIC_SECRET a2c186f3e0e821c7e514201c828784b6ed7285b5a27a2f4edf62d5abca51ddbe d7848551280e7a123c51d519aab9e293a00698410fac97325b9e178c15585e028473425e48c708e732c689ccf2f74556
CLIENT_HANDSHAKE_TRAFFIC_SECRET 2bb27f6441f811a0bf385f4238c7b0ec525f9a20f9864919c91542867aac16b0 cc2603a5055fc3fe0ca9990a12945b2f3932702c326353e8210e88c687e35f6f7f1c0c53e235ebf33f7cc84669c9ee78
SERVER_HANDSHAKE_TRAFFIC_SECRET 2bb27f6441f811a0bf385f4238c7b0ec525f9a20f9864919c91542867aac16b0 879aff6180cd753a1a758d9d7318d9309c82d56af7737c7ca19208f44c02067156e06a84eea7512e993bc7a025bbb70c
CLIENT_TRAFFIC_SECRET_0 2bb27f6441f811a0bf385f4238c7b0ec525f9a20f9864919c91542867aac16b0 e2487de4381e5d7611e591b5a330198816f18cc5e0d77503b0423a7f7cd81f2a490e8651ef1adc2968b59f2c517e26d3
SERVER_TRAFFIC_SECRET_0 2bb27f6441f811a0bf385f4238c7b0ec525f9a20f9864919c91542867aac16b0 817d46a3a96c9cffdf97b93bddd3fadd81dff4841df53c98d71bf80e292e7f238c462eea344501abb4e357037c33fd57
EXPORTER_SECRET 2bb27f6441f811a0bf385f4238c7b0ec525f9a20f9864919c91542867aac16b0 d9c1db43b6ecafd965ba9481ed0ff98ee3f7e050bf96b008554986a66fe48f9d30b0e4ba78acc022f7a08a347fddb08f
CLIENT_HANDSHAKE_TRAFFIC_SECRET 925e8224b8ff6d0d8d2c6a43888fe415a9f07a3e77361beb23d2af9510fd9f77 d7d850e04b3527e834d8bc6b2511278cf039f6744de7f7be5110450f5336b09396efbf627713a5deee7c2590ca19c183
SERVER_HANDSHAKE_TRAFFIC_SECRET 925e8224b8ff6d0d8d2c6a43888fe415a9f07a3e77361beb23d2af9510fd9f77 459d091d4de04cf4b33b95ed0dcf12161f855abed3cfe26825d7b0e47f78f513fd90d3ab58442fdc6a658460f0a65882
CLIENT_TRAFFIC_SECRET_0 925e8224b8ff6d0d8d2c6a43888fe415a9f07a3e77361beb23d2af9510fd9f77 fa64a8a47ac2630140a1427e054044d4da87ff598005790434ac952850d414baf54f532d40f7354c81ec2e950fa3fd5b
SERVER_TRAFFIC_SECRET_0 925e8224b8ff6d0d8d2c6a43888fe415a9f07a3e77361beb23d2af9510fd9f77 e30a808427b9541f9194fb623212ad6b26aae87afd62230872a26a0059880ffccf2ac9fae03267e9a08f5c9799400902
EXPORTER_SECRET 925e8224b8ff6d0d8d2c6a43888fe415a9f07a3e77361beb23d2af9510fd9f77 f5b533ec7a9ce1283dc2a10350220007f5682fc56aeb9afe86985fe09784c2762959a3ef510be329c3f135f6a473568e
CLIENT_RANDOM 3392494b6471afb6a8e058db2e7d13dae521a44f6d9cc92b362c52eaf9d7a5b3 990907ea59fbbf5082742987527f8aec789a7a71b4fbe548bfdfcdcfe06775fc63c54c8f25db1d5269f13d05d713b210
CLIENT_HANDSHAKE_TRAFFIC_SECRET b2f5d238197b52db4a393711dee13e2fefaf1b68945fbe65979379172582865e 09d1893c09a9ba347bf9418aff01b74dd726a89f9bc5a352d9b8fe899c3d7c11f52a456aa7c18ab4bfe1d589a292f0bc
SERVER_HANDSHAKE_TRAFFIC_SECRET b2f5d238197b52db4a393711dee13e2fefaf1b68945fbe65979379172582865e 284471d4bc9f1d1561531c0877c03792e1d608c166303b96229993da4b497afb10511c53a3eb46d1c84c65833dc176f3
CLIENT_TRAFFIC_SECRET_0 b2f5d238197b52db4a393711dee13e2fefaf1b68945fbe65979379172582865e 0a8269f8da822067bcc4bf8b4d461df0db237a676bb0071a5ff9e5a251407005e2079c127e1b3d810db60718095b1257
SERVER_TRAFFIC_SECRET_0 b2f5d238197b52db4a393711dee13e2fefaf1b68945fbe65979379172582865e 3018f19aff60efff8319bc16dd455ed447f09dc3f3f3d81166aec9709f0d8a94cce69421295ff719c20b3f079152b550
EXPORTER_SECRET b2f5d238197b52db4a393711dee13e2fefaf1b68945fbe65979379172582865e bda5edf4a2e00ff668a4aa7b04bb49955f9453e55255c2bc0f1a9d7548a297b432b71f77a89516adcc496868451fc85f
CLIENT_HANDSHAKE_TRAFFIC_SECRET 98c07baef70c3597cf9c6c9f83ca8e8be393fc0894e26e01bcde08392578a6dc c0654c29068a2e277b0408ee9148cafce42adae5dc8df77750a534b6fc3bfb59265b327b2f99fd4b4f9212fc80c88d98
SERVER_HANDSHAKE_TRAFFIC_SECRET 98c07baef70c3597cf9c6c9f83ca8e8be393fc0894e26e01bcde08392578a6dc 30cb5a40ca373a69b51a50e8ff5b6957c0a713fb2ff2cb0a56d20b0749378224a6e200a6f5d5352bd1a4cc9e74dce7e6
CLIENT_TRAFFIC_SECRET_0 98c07baef70c3597cf9c6c9f83ca8e8be393fc0894e26e01bcde08392578a6dc acb0c21bbc7e037905ce934499898c5ad5199f09dc977af4cfcd76d23b54183575efc7e8168c792cb07862380e7e84fd
SERVER_TRAFFIC_SECRET_0 98c07baef70c3597cf9c6c9f83ca8e8be393fc0894e26e01bcde08392578a6dc 28ea9dd31367c167c9b475716fbc811e5d384b3cda8d48d448a5ddacd1db6bdf89cf838470c7b9298b09c94c97379f61
EXPORTER_SECRET 98c07baef70c3597cf9c6c9f83ca8e8be393fc0894e26e01bcde08392578a6dc f662f283bf026cdc12c1522ecfcf8a6676fd92a29317f7628eee3fe990350189e87f4e3712ba30c2c7ad550936ef1ec7
CLIENT_HANDSHAKE_TRAFFIC_SECRET 11e94e32fa58adb0f25378474f428fc535ba4659ed3d625d680db5123784d458 35a039a85b7b7306078423b0940abc2256a8654ab1adc059753b4f2517607aeddd18421ce6f6e4dd079d9800bee74a8d
SERVER_HANDSHAKE_TRAFFIC_SECRET 11e94e32fa58adb0f25378474f428fc535ba4659ed3d625d680db5123784d458 763ed034285bcaaba0b419aad6e7a013e21a11ba0c4dda4df89637790fe84da89e6316e3519a44213748d22a59aecfb3
CLIENT_TRAFFIC_SECRET_0 11e94e32fa58adb0f25378474f428fc535ba4659ed3d625d680db5123784d458 98844b4e7c299af7812d767cc91f3899dc27c5e51d052570de6e6ca52f5e4b96152e2ec55c912b90ed6a2c0e8d0e9525
SERVER_TRAFFIC_SECRET_0 11e94e32fa58adb0f25378474f428fc535ba4659ed3d625d680db5123784d458 c21c509f58f564e1adec33f4e268038adc196f5c04b33ec740977c43b72506797a33499dea8e915911adf46c4eb222f7
EXPORTER_SECRET 11e94e32fa58adb0f25378474f428fc535ba4659ed3d625d680db5123784d458 74bfac4d81ee1a4f3d6b635c1987394960e9f80e2f05b89e717f04a9e9d05a72f38c18f91924d5a26a1f3441081438f8
CLIENT_HANDSHAKE_TRAFFIC_SECRET f62880dd87c933de9b7be794dd68c7616c958215140f0d2e514c59e35305ef04 aba308163e831839c31521a804203738a946424abd9fffca72a34ac5468748078e963f72793e75fcc89602965387b0df
SERVER_HANDSHAKE_TRAFFIC_SECRET f62880dd87c933de9b7be794dd68c7616c958215140f0d2e514c59e35305ef04 d19121b06f40da7db197a85e6db648ad184b1001fce0d84f229079ee09b70a64a3fb30f07a5b6801fe3bfd0307561ab5
CLIENT_TRAFFIC_SECRET_0 f62880dd87c933de9b7be794dd68c7616c958215140f0d2e514c59e35305ef04 e357440f98c4503caa1299d1d692b981cb7100782db05a11703efa9f9825540329841cbe26f87a0a28892e2a6e8c81bf
SERVER_TRAFFIC_SECRET_0 f62880dd87c933de9b7be794dd68c7616c958215140f0d2e514c59e35305ef04 026ffba3bcf89b7df54074eba1ccce4ccad8b3f47e7aa5543f254e1d51674a8c820b50402cc6c5cfc93036eda308e5f1
EXPORTER_SECRET f62880dd87c933de9b7be794dd68c7616c958215140f0d2e514c59e35305ef04 108ff4180f9d4be550b4732fe20eefc846285d4d1ecf9cd370687c2668c8c2ebaf30f75955057485168769062b85360e
CLIENT_HANDSHAKE_TRAFFIC_SECRET 3ba4dd19fcbbe0636dead13591d5610dee6af3a86c81a3add320623cd0f0e7ee ca6fb4b38b0e8a06cc2bf87179ae59ea15108e0565853953a0e86b8cb632fa2ce86a668ba2d6ea5abe8917a78e3ea3f2
SERVER_HANDSHAKE_TRAFFIC_SECRET 3ba4dd19fcbbe0636dead13591d5610dee6af3a86c81a3add320623cd0f0e7ee 1b51e915dd6772a33d13c968a81a85792022cbca612f0cbcfaaa1fc0cd8c94f05507bc40bc8dd68846abc0fe90cd75c4
CLIENT_TRAFFIC_SECRET_0 3ba4dd19fcbbe0636dead13591d5610dee6af3a86c81a3add320623cd0f0e7ee 63569f97ac840114fc8bef93fbcf35ddcf7358400073964f20dc3867ae4b6c366bde964f197d88cc30075d3916900f27
SERVER_TRAFFIC_SECRET_0 3ba4dd19fcbbe0636dead13591d5610dee6af3a86c81a3add320623cd0f0e7ee 15b898ca0bdafbeb930b94715c818fc75d11ffc6ee8cfd90605217c351e75738946dd26cdc13f292f79a527767456488
EXPORTER_SECRET 3ba4dd19fcbbe0636dead13591d5610dee6af3a86c81a3add320623cd0f0e7ee e3f49339be3c359bce98007ac0e4ec95d0e6a4818bdc7481e9ee3b9f830da5f8bcd0d77930de491e18ab937edf5764d8
CLIENT_RANDOM 4772be5cde10fd7ab5b7b95d9c8c298a7f93868660513517ce170d954ce3cf38 ce0865c42b0ef3b8aa0b11ec33d45bf168a7048e0124f11b626276091314351b946a5300d3f3772eb2ff0bbad0a21107
CLIENT_RANDOM 18472ae7f5a1cdff2784975382a22eec354ab65d4ca94e3bc992ea5490960e72 3f6c8934458fee8317882d2aa0dc4aa641bf019c3719dc4ed7e30832cd0801813488e2f9ee2ebd6967313dc2af70697b
CLIENT_RANDOM dbaa7b6352ae85bde7a435b4b7cd097886a46d964f90e1c4c2412f56c32685a2 2c8ce50a8a61c5508d6190c1c5b31ac8414db4ee7ba69480eb2c2225696e0b6638c7e31bd42bdb0c4442792538a1165a
CLIENT_HANDSHAKE_TRAFFIC_SECRET b34cc10033842097ca5b44b53e16a8f7a4402b20f18da4f8ef4afd5c09e51083 01416326729409322e7939964b518589ad2e1c8a48c44d7976057b4c93c9f748d4891e9ac28486d00ac2812d411433a1
SERVER_HANDSHAKE_TRAFFIC_SECRET b34cc10033842097ca5b44b53e16a8f7a4402b20f18da4f8ef4afd5c09e51083 7fbfb67cf56475e819de072fec27d307174be325e3f1378606d1067f8663a73bad4489c5653715d000eb41cf35a29db1
CLIENT_TRAFFIC_SECRET_0 b34cc10033842097ca5b44b53e16a8f7a4402b20f18da4f8ef4afd5c09e51083 7ad29fe98f0ed9d01b5f778b1137d2c232fdc281303c223b887e346f240ee311a7bae40fca60ecce6bdc900b8acf3c98
SERVER_TRAFFIC_SECRET_0 b34cc10033842097ca5b44b53e16a8f7a4402b20f18da4f8ef4afd5c09e51083 3fdc0e43c9259f46c45a7867ba6fa0297c7cc7974d795d4656f7fa4e30bba78b15ed78e80836bdddeb61d8e67ab24c41
EXPORTER_SECRET b34cc10033842097ca5b44b53e16a8f7a4402b20f18da4f8ef4afd5c09e51083 a020149a388b0d0549796b025edef63715a0ff792e51ddfc2ebd9aaf3e2aeede964f69c49ee895a3fad8557639888920
CLIENT_HANDSHAKE_TRAFFIC_SECRET 6fa7305f4ca919e0efbfdfb88fe538560593760006a802bacbaa508c33379d5d f883172cecc0f8ec59c2ac02b361230e3786ff4bbc61c48ce576589c212f7634749832feabfa801810fd64ee5e238f41
SERVER_HANDSHAKE_TRAFFIC_SECRET 6fa7305f4ca919e0efbfdfb88fe538560593760006a802bacbaa508c33379d5d 97270d8f3d5e2d9e80b1a4e483d3f8f9a0632419822ac8bb555f6ffe41a0c34318a6a01e86bcac55db54c647358e35a8
CLIENT_TRAFFIC_SECRET_0 6fa7305f4ca919e0efbfdfb88fe538560593760006a802bacbaa508c33379d5d ad28bbea77a51ded74862ab1ab9c8102ce2f5dd3219bfbd5de5ac6ce6d84b8cb7256af180c716e7d0a2cdd670f339344
SERVER_TRAFFIC_SECRET_0 6fa7305f4ca919e0efbfdfb88fe538560593760006a802bacbaa508c33379d5d ee909eee6ac275ecee5ffd42023e06015335b17482f1f0aeb8170c9daa6633b8240f78220a9dc079c1d98c0d5ccad449
EXPORTER_SECRET 6fa7305f4ca919e0efbfdfb88fe538560593760006a802bacbaa508c33379d5d ff7717b7da4b6a897ced1ab73e8a5524ece9724143ee428fd9f9a5d168ca88cf94ea17f18fce75086f75a01b204ef1a4
CLIENT_RANDOM ca7503ebdf9aa93f0d0ea060fa806b980747dfb741e9a3ae1ddb0cb0753789d6 96aacbda2fd93807ac8b62f0b5bdfcbd5059b2e149767189417f5bb845fbd8cf33ae89b57e74162237d0588ab4d0a786
CLIENT_HANDSHAKE_TRAFFIC_SECRET 6c4ed19a45d02ba78c4f66e2c8c402adf8bc3155bc2a3c26bb4636d541aa8a6e c3366dcaf1a712dfbe957c73a169426db0e86a693c236be4ef75d2968319ecbabe2e61a74eb69c099486edf9742d3981
SERVER_HANDSHAKE_TRAFFIC_SECRET 6c4ed19a45d02ba78c4f66e2c8c402adf8bc3155bc2a3c26bb4636d541aa8a6e f6662155475c6dfec7b2aea5bcc0d7ebef332996726b09b50cee7dd1d8def2583aa327f315b1236d7d02055647fc3362
CLIENT_TRAFFIC_SECRET_0 6c4ed19a45d02ba78c4f66e2c8c402adf8bc3155bc2a3c26bb4636d541aa8a6e f01df0360303bbc008a28a700bfabc543fc18ec6f9d44aa3a846cc3c9dcfc2b369d0b169b7596e3430ebeb6058768763
SERVER_TRAFFIC_SECRET_0 6c4ed19a45d02ba78c4f66e2c8c402adf8bc3155bc2a3c26bb4636d541aa8a6e 97b73f87a3f4a2862a48fd511380b031011384f6c74fce2452cb893fe02c4a964ffe9d5e5ffb80822f24ab29af90c743
EXPORTER_SECRET 6c4ed19a45d02ba78c4f66e2c8c402adf8bc3155bc2a3c26bb4636d541aa8a6e 33571aa0f006a642ce26c0d7eed965c1716be067c655f46863a6c0268821bb608d0bcc3a491f66ac6efba081b4ea6b85
CLIENT_RANDOM b07d7f8ca7f0de007df1cd071de1b402315fd69a621ddd0070e67452c2d1970f 5c8b5189d6d2975681afde980b34edd9c8b08f91a37cfe3cf75af28259b76bbbb22dd44249048f01d62cce8d00f88329
CLIENT_HANDSHAKE_TRAFFIC_SECRET de16832fd22ecd0ed2c059669f434e13a3f7a1f7b8df3dfa2cd836597a4d8398 d5680075af821c00cd9511ee82b77377d611b64756066e3596b01be67325f1475566ebd7ebc9ab268d6d91955dddb9fc
SERVER_HANDSHAKE_TRAFFIC_SECRET de16832fd22ecd0ed2c059669f434e13a3f7a1f7b8df3dfa2cd836597a4d8398 5784517b1683bfec6079ed6ec439df02afa2d516f226dd389957bbc9f2c0f7ad57d49036554620d04e5d2fa58680af12
CLIENT_TRAFFIC_SECRET_0 de16832fd22ecd0ed2c059669f434e13a3f7a1f7b8df3dfa2cd836597a4d8398 1b721d6f348fd7b69c3bb4615655aca8d42e1d9afb06118ba2af369c46979c274b786695d2146001ee5c93658a6b339b
SERVER_TRAFFIC_SECRET_0 de16832fd22ecd0ed2c059669f434e13a3f7a1f7b8df3dfa2cd836597a4d8398 1390c446dc21858472f66b236b41ba48e35c6eeaec96a7eea48a29daca27d5b2d43dcdea236a82361e4c744218408b66
EXPORTER_SECRET de16832fd22ecd0ed2c059669f434e13a3f7a1f7b8df3dfa2cd836597a4d8398 8bb5fb0b35d2b75c9251729e8c08ac0c4d8a1e8fa6745e1a93a38a2c6b7d65c2e2d86391096e24b6c18d6ef8a6938f7e
CLIENT_HANDSHAKE_TRAFFIC_SECRET a4fc2f659ec6b379ee4c05675404446751658fb16d8d7c6faf759597b1ebcd4f b60acf9e047bc20a70894dc058c3a4b59fa95c3af52ea542a2c52f25748be850f011dbaffa424a68971ac2a97502fcd2
SERVER_HANDSHAKE_TRAFFIC_SECRET a4fc2f659ec6b379ee4c05675404446751658fb16d8d7c6faf759597b1ebcd4f 6e691e385b724bc2a24c0bf9c69a00022442cb1ef30a1174c2fae957be31d4d49f7d2c52d90d34d8f146e14486e276c7
CLIENT_TRAFFIC_SECRET_0 a4fc2f659ec6b379ee4c05675404446751658fb16d8d7c6faf759597b1ebcd4f f566b47e954582193c3a44f991e23501b77d71cef0694ae8a446b68e2f3211aca8c796edd4d3cfdc8e78704c7c3f1d62
SERVER_TRAFFIC_SECRET_0 a4fc2f659ec6b379ee4c05675404446751658fb16d8d7c6faf759597b1ebcd4f 62cd05a70f2a3350c06120b65d7f03fb12b1a2d050d9ae23c253401522bf48f6955113d504d62714102a7a1aa07790d1
EXPORTER_SECRET a4fc2f659ec6b379ee4c05675404446751658fb16d8d7c6faf759597b1ebcd4f 3c2903a6400cae847fac7d5ecf9f4fa8be57a2bf02969225d8bce408e3145f6ddb0027a9e4a0775b7f04864bd1159933
CLIENT_RANDOM 8f390f7ccbc926b7524d861f409012e19ec5674b11cbb0d1ddbf01e06d5b276e f43cab1e66c66d740c228d97fb60133426e5ef7bce95ded57d8e25f4d92d9c1bf622362b56f50d6d011c115ee04239b4
CLIENT_HANDSHAKE_TRAFFIC_SECRET 7190470daa85e53b858a74d88ede9334186d97ce94169be453cb3cfba21c3b68 c692d2a2522a01334768373db4e23568263d84d1a910166b80da3f9019b8c5c89aa881e970f9e1471feb2e52b435dded
SERVER_HANDSHAKE_TRAFFIC_SECRET 7190470daa85e53b858a74d88ede9334186d97ce94169be453cb3cfba21c3b68 a5b909547aa7ac7e5e5dfbe33b60af2a7008348137d223c9d659a52a66d00663892f5e9c0756d435757fdd86caf0f1f1
CLIENT_TRAFFIC_SECRET_0 7190470daa85e53b858a74d88ede9334186d97ce94169be453cb3cfba21c3b68 cb278fbfbdb284fbcef0e88416817defc92e2877a49ee0a33f6b02d02ef3dc228ae7af3ceb402c4bf86dca19538c956f
SERVER_TRAFFIC_SECRET_0 7190470daa85e53b858a74d88ede9334186d97ce94169be453cb3cfba21c3b68 2aba073aee83bd937b8535baccf296ce7f746ee09bb2a5999affa53b54b834b983115dd954c9a16dacbadd578b240f2b
EXPORTER_SECRET 7190470daa85e53b858a74d88ede9334186d97ce94169be453cb3cfba21c3b68 612daef763d4d48a6ee7ec12ca8c7e58216aecffc0a7f9efc0b90a4669bad9394e428546d9eaaca6953c022973bc5f1f
CLIENT_HANDSHAKE_TRAFFIC_SECRET a39ca0e3dc7fc80c24bda9a50d84bbb37111606ad667267c61dce5a1d67ef356 97a4474f88d6df15cd9590dd11b72aca61ffd85ccbf9a76ad803addb41a11bb157bdd2e9762c9816431883f2e2c31554
SERVER_HANDSHAKE_TRAFFIC_SECRET a39ca0e3dc7fc80c24bda9a50d84bbb37111606ad667267c61dce5a1d67ef356 d92f85c09b676349411a8aa2164cff485243a64d93cb0f5f809e7f41e51be5e2c208395a4ff1edd86016ef50a1fb361d
CLIENT_TRAFFIC_SECRET_0 a39ca0e3dc7fc80c24bda9a50d84bbb37111606ad667267c61dce5a1d67ef356 1c06a86014be57b2fbe106a7c9c6686e9575c7197e54b0157c592518cae1d3805b88095c0b64c699329466493d594be7
SERVER_TRAFFIC_SECRET_0 a39ca0e3dc7fc80c24bda9a50d84bbb37111606ad667267c61dce5a1d67ef356 ff3ef215c682f6c778c8b904abcd7e35a405c285afa22bdd3fabcf541d078fb0764ef39f277e42f78fac958db1695477
EXPORTER_SECRET a39ca0e3dc7fc80c24bda9a50d84bbb37111606ad667267c61dce5a1d67ef356 0c8dddb0da9df9f9b82ff11da2894492be1034f7cdc7d807e1d6f4ab7159e1b87edcc3456be204b58b4df380a538c996
CLIENT_HANDSHAKE_TRAFFIC_SECRET 7fcbc1abed2d4974e4efe9d1e42941c2d6750fc2a986aef2dca2dab97f125560 85210127c20e2e67b6980b9a6de34414fe86becbe512fbb1efee69d56d11386da470f82d0c679d025140e9c5c49eac2d
SERVER_HANDSHAKE_TRAFFIC_SECRET 7fcbc1abed2d4974e4efe9d1e42941c2d6750fc2a986aef2dca2dab97f125560 04cb023a1c6cf87d43a993b7a110e9e141f7af1f50ea265c013dee2ac2421f0b49e7e55d3d30c5ac8ad2b8dcd22e737d
CLIENT_TRAFFIC_SECRET_0 7fcbc1abed2d4974e4efe9d1e42941c2d6750fc2a986aef2dca2dab97f125560 2c4e46b7b0b45ecffb1bc858d26014b8514a98ae15760ecef694d82febeed4c41d1218dca4453169bc75934e8bbfff97
SERVER_TRAFFIC_SECRET_0 7fcbc1abed2d4974e4efe9d1e42941c2d6750fc2a986aef2dca2dab97f125560 3824ca16de5b672ed5b7a9fe50e5305c1e56c536902892d6ce7b4b527e0dd77a086ce83c52dbe5d70521cce61668b623
EXPORTER_SECRET 7fcbc1abed2d4974e4efe9d1e42941c2d6750fc2a986aef2dca2dab97f125560 a065c2f765275686d736a61d3446c108e76eb417d9da7251fb826bef775e5597495107331813f2f86da3f0043a32067c
CLIENT_HANDSHAKE_TRAFFIC_SECRET 7d841bbdf58f8a65f0a78588ca6cdf742cb4c9f812ae38779495f1d96488ece5 4a6c9e67e59c143c528a194fdb8f9998e7bd95dc7ab19643c10fd86be22902513932103953f1119b567454a969dedfe0
SERVER_HANDSHAKE_TRAFFIC_SECRET 7d841bbdf58f8a65f0a78588ca6cdf742cb4c9f812ae38779495f1d96488ece5 989b3e31f9ecc75f552b4bcf3984c1a275121e22134f75f1782e0327929f7835714bb67492d6ef5d8ddc1cbea5f8af7e
CLIENT_TRAFFIC_SECRET_0 7d841bbdf58f8a65f0a78588ca6cdf742cb4c9f812ae38779495f1d96488ece5 5c79c4debf3c534df6dfffc71725e150e163e90df34456af541cb4038d16ca8391a382c1fdeec33c7799838c051dcbfd
SERVER_TRAFFIC_SECRET_0 7d841bbdf58f8a65f0a78588ca6cdf742cb4c9f812ae38779495f1d96488ece5 0603a17ba238619393fd9b8a144d7d53c77a9a66f0ca78ec52500f8071c10bfe95a85a165fa5a68add5892278daf99f5
EXPORTER_SECRET 7d841bbdf58f8a65f0a78588ca6cdf742cb4c9f812ae38779495f1d96488ece5 0bdab31d4ca8b414c139be287effacdf61eb6ae8a42be432ca3a4c58b21afe6399b0e2e8a643a8b15e49458bbf3fbf4f
CLIENT_HANDSHAKE_TRAFFIC_SECRET a7169b5d8bc784eef36ccda11ef5f40846c7a4675138394dd3bb380dfc08edc7 7c9cec353282c7d6ebaa2ea58ef71ad9a2515694ab5de7e911e1fa5f7ec1534dd5b6563472c73be83868f5efbcedf705
SERVER_HANDSHAKE_TRAFFIC_SECRET a7169b5d8bc784eef36ccda11ef5f40846c7a4675138394dd3bb380dfc08edc7 965660750dad50e7d7fa8958cfd57ef97479f873039642d1596d8a7b67f458731cb018cd6287fdbde5f7ed36f7ea9a58
CLIENT_TRAFFIC_SECRET_0 a7169b5d8bc784eef36ccda11ef5f40846c7a4675138394dd3bb380dfc08edc7 f2c26a60351783b657d63a9272d7b7350155274afd9ecf18ad41d1ce6081591b1b916197cfe0e992833931569cf83625
SERVER_TRAFFIC_SECRET_0 a7169b5d8bc784eef36ccda11ef5f40846c7a4675138394dd3bb380dfc08edc7 94b2002a6e20356fc07829e55fd3ecf70bdb15ae0bae2cdf3b4fc0cf5d3d50b6a909fde5f0f39a147f3fa37ffd9a1d0a
EXPORTER_SECRET a7169b5d8bc784eef36ccda11ef5f40846c7a4675138394dd3bb380dfc08edc7 f09f2e8896a48d32268761a0edd80e1b68fd10bb1960bc8b4762166912152c134a6b6e12715f6121e27fcf5c2b9b7898
CLIENT_RANDOM f20d32eae650f56824748c42f5433273bf18403104d3e97707beff740a1531aa 423d1ea5853301638541d78574f5818f95d05cb1d10101c801f1941216b2d4f8f2b121cf6d2593c2f40c1e134592dd84
CLIENT_HANDSHAKE_TRAFFIC_SECRET 7a7814bf3ad0cecb2ba559631358be77b6368e99a88094d8b44249247275b007 9a50cb3cd96488778be5a0548f2ee059ad24e3ea7757cd8b5434327be06a545282e89df8e118e41896e5326ba42a1aa9
SERVER_HANDSHAKE_TRAFFIC_SECRET 7a7814bf3ad0cecb2ba559631358be77b6368e99a88094d8b44249247275b007 cf418c67670c702fb7770e7a19a6d98bcf00e4e5f85d9b9e6797c0d770a7ae547a6fb7aaedd4926ef275f933d1ad40c9
CLIENT_TRAFFIC_SECRET_0 7a7814bf3ad0cecb2ba559631358be77b6368e99a88094d8b44249247275b007 cc9849e9da4680bd32b15e44810f5fc950162a818784c5042f6fdd96dd6f85a862314f240d24c547e1b61e1033b46456
SERVER_TRAFFIC_SECRET_0 7a7814bf3ad0cecb2ba559631358be77b6368e99a88094d8b44249247275b007 62f609c84b20fcdfce535476ea7bfecbcfe6eb051dd965e063ed1a732732c820f8ea9e444160eb336b832aac5f93d529
EXPORTER_SECRET 7a7814bf3ad0cecb2ba559631358be77b6368e99a88094d8b44249247275b007 68fdfb27249f586b342c051c6ee0a3073b1a43883c15e7d9fd39603747cf3eb066c1dcbad0c0d7981e9f7fc548c20f2b
CLIENT_RANDOM bfa993768ff537bbf75110fd7269015482cc0d2a696b39d18439a227e48c3632 21ffc011365557b285d54cb52ba77d079a53cc7108c14f391ab88e1c287138109bfd29ad5f04f83fa404744cb9b03982
CLIENT_HANDSHAKE_TRAFFIC_SECRET a23bcf1ed407325419c23a481b4e3263b6671f977baca41cbc2ad79dc52d3d1b e5d1c02f7dcb8c8f6b862ab8673cbef5a9a0035aaa4aa56ce3a7488a11d076d86ea1176bd8b222d9f028357df9fc9dae
SERVER_HANDSHAKE_TRAFFIC_SECRET a23bcf1ed407325419c23a481b4e3263b6671f977baca41cbc2ad79dc52d3d1b 031fe59e08003f806d76bfcdfa8c331a505304b1e7ed423fc47d98e1914181c2dd44fcd0ae337d5b2bd165fed41ec8ab
CLIENT_TRAFFIC_SECRET_0 a23bcf1ed407325419c23a481b4e3263b6671f977baca41cbc2ad79dc52d3d1b 143c576cd4741b6ae2b60e33d0e85b109b1f88fd443b09cdae44df94970acedbc7c139aafbf23d2c92bedffec0622089
SERVER_TRAFFIC_SECRET_0 a23bcf1ed407325419c23a481b4e3263b6671f977baca41cbc2ad79dc52d3d1b d21c1ae427da4d6c2ba6adf11af64252378776242e1214afdd33c7ad221c8a0ff85d2d0f58e66e035be1a3fbe952ba67
EXPORTER_SECRET a23bcf1ed407325419c23a481b4e3263b6671f977baca41cbc2ad79dc52d3d1b c37787508f8335f65975a3f9ec306881cc0976f8a027b97d400b48144ae1dbc6a68baa4c4331c207c0258f3b6f40f4b8
CLIENT_HANDSHAKE_TRAFFIC_SECRET 52da3143cb6477ec058ddbaed9e520d4a791c08ae88033d935bcbae40431b5c1 ec6eac9b98c624589dd0edb3af5e1391cec35dc13a4eb43315de78ec878f2f2e7db2199d43a0dc7d6db035f61ff9d0f2
SERVER_HANDSHAKE_TRAFFIC_SECRET 52da3143cb6477ec058ddbaed9e520d4a791c08ae88033d935bcbae40431b5c1 b6a7a0144975d59e417ee9b43a6fd8eba020410a35225c65886af6d27b6e010be33556d1d24e14b750c7a8e6b80ec85c
CLIENT_TRAFFIC_SECRET_0 52da3143cb6477ec058ddbaed9e520d4a791c08ae88033d935bcbae40431b5c1 605b72faf7f4541066696994a73b8a3e5e8a24c97b40b0cae6679fab7debb4a553897738f038386c4491a3bad9d7ec4c
SERVER_TRAFFIC_SECRET_0 52da3143cb6477ec058ddbaed9e520d4a791c08ae88033d935bcbae40431b5c1 c3369902ace0822aa93a0f9c6d68df0ffff19f4c5d8d9f4f94d1cd24ebc588a127887610e4dd5154f75bf91da094a263
EXPORTER_SECRET 52da3143cb6477ec058ddbaed9e520d4a791c08ae88033d935bcbae40431b5c1 d7f85e00e2f96aede19e43b30eb25dd355b740ddf65626f4adbce11e62d7f46b51921fd6ef84f5752d531f146a9c8d92
CLIENT_HANDSHAKE_TRAFFIC_SECRET a4595f73e5ca21f20b59f6bccb2bba7aad91762d47d05f26287b5c86756870cd e20085fef1abedf9b2e18a78ecb1643816a920b65993a81e0966de7570987f3cfa46e405469975ad5be49b235597714a
SERVER_HANDSHAKE_TRAFFIC_SECRET a4595f73e5ca21f20b59f6bccb2bba7aad91762d47d05f26287b5c86756870cd 76da6f8b559b82770ed8bccfb33cd2d78a0aff0ca4ed315a3ec34cbb4d632f1af882c76c40eaef14b0c57dc59069e866
CLIENT_TRAFFIC_SECRET_0 a4595f73e5ca21f20b59f6bccb2bba7aad91762d47d05f26287b5c86756870cd 05f1607b7949281dce9f2f8ffbcffa016b2746982fec44010088af99634a0461ab1223612c2e26d7a080d8eda4c0de43
SERVER_TRAFFIC_SECRET_0 a4595f73e5ca21f20b59f6bccb2bba7aad91762d47d05f26287b5c86756870cd fdd0ac35f2af08ff3fc4085059b517aa03158bd3897c05ba6b8d473a98c93632b53443bc53f0739cdeb6ae964fd660da
EXPORTER_SECRET a4595f73e5ca21f20b59f6bccb2bba7aad91762d47d05f26287b5c86756870cd 6d171a94fbf1342e938efd5aa6ffb81a3eaa29446a443463ae6885275a19f5e824cea647f51e7b2b240db14113a4cb4e
