CLIENT_HANDSHAKE_TRAFFIC_SECRET f1bf7afef44a15669e809f238ad35e433a1ccb81dac4e2bd6369037985bedd70 e683253e4d8a3a24b75c0aac3358c49787857be171ca12ad851c95f225dbb13c24e87197d2030da13dae971bbdbe2d1c
SERVER_HANDSHAKE_TRAFFIC_SECRET f1bf7afef44a15669e809f238ad35e433a1ccb81dac4e2bd6369037985bedd70 1319e52c84dbfffc3536a75213fd7fb88e35924aa8561a29d7d0e07ed6cabf314d9b6f3f99b7b1af410ee2722b6010ed
CLIENT_TRAFFIC_SECRET_0 f1bf7afef44a15669e809f238ad35e433a1ccb81dac4e2bd6369037985bedd70 674682d6bd3b74a5432380724546855f7083dccf6b06ac8b11fa411ad2e03fa46ee359f900c3576fd56ab5ec00c9cf12
SERVER_TRAFFIC_SECRET_0 f1bf7afef44a15669e809f238ad35e433a1ccb81dac4e2bd6369037985bedd70 ad2f7509f320a0488e711e4805a0ca0c5770d5f8151451ee7332f6d8758250f11dfd59ee46c7649eb1a5c2bd035effa7
EXPORTER_SECRET f1bf7afef44a15669e809f238ad35e433a1ccb81dac4e2bd6369037985bedd70 d5c393deec6b6a94365190be97a8b740d85cd21c850835a3910df4f1679be59aa49eb9079f53fa873c2aefcebc6b2144
CLIENT_RANDOM 0bcd25bf271daa60637773dd9df329ab2711f009868cb2a6e865213ac95cf912 32ced6a75bc26ac8ec20a6f390b55681282b5e3060299744f877aa92c36d01f8c20de4d5242f6677788cab90aff306ca
CLIENT_HANDSHAKE_TRAFFIC_SECRET 80dd033e21cd614b54d075c4e70b8c4054e1c7629a766933ee0105c1347bf07a cc7e3c5c5588baead0dc6a2ec2c2b7aa5e30646e8947e326552e057361c8b04daa462996c1f7d703a127508ccd48afe8
SERVER_HANDSHAKE_TRAFFIC_SECRET 80dd033e21cd614b54d075c4e70b8c4054e1c7629a766933ee0105c1347bf07a c4fe1fef0411607be4a2098d2949b9d158679b7e924614135c6d3992ab0669392a4727210e630d00b0f772bec176d41d
CLIENT_TRAFFIC_SECRET_0 80dd033e21cd614b54d075c4e70b8c4054e1c7629a766933ee0105c1347bf07a e463952c8125a349ea4c9f48856c03b1743408ab6ae65f073b4488ad4c153ccf7a3bdb80fdf2b085eeec6226ad45a8ea
SERVER_TRAFFIC_SECRET_0 80dd033e21cd614b54d075c4e70b8c4054e1c7629a766933ee0105c1347bf07a 9cdd6d81b833131b00f86159ef45c6705fa7b9c88b3a16ed2ff43550a29d6c1545daae7b483b36ba740d01ea63e4b04c
EXPORTER_SECRET 80dd033e21cd614b54d075c4e70b8c4054e1c7629a766933ee0105c1347bf07a 0effec1e19bf65002086a214a41ef174b8a9ba54b061dc455286111a9d0ba419dd463c82f5394479f609e271a79da5e8
CLIENT_HANDSHAKE_TRAFFIC_SECRET e0eee2c82bed737f02cab34157cb5f0c4cba93d542cc7266d2a1d82a9e17cd95 4aab2e26b336a78561f4c7ba00f12f988d97eb445608ab80f88d466a76ddb8c21c1db62b3014881d77c59eff518d6696
SERVER_HANDSHAKE_TRAFFIC_SECRET e0eee2c82bed737f02cab34157cb5f0c4cba93d542cc7266d2a1d82a9e17cd95 0bc847e51f94ac262d954b9e8fd1a2c41b875b81bbca591e0317981be1ec4e2855c633a702f40ac2de162ae8c09fc860
CLIENT_TRAFFIC_SECRET_0 e0eee2c82bed737f02cab34157cb5f0c4cba93d542cc7266d2a1d82a9e17cd95 b783e76b0b863831ac34d39eecad3041a1c4bc3ed0c578704f7363bbb70395a97a09d939dfe8aa0e082eba10598af28b
SERVER_TRAFFIC_SECRET_0 e0eee2c82bed737f02cab34157cb5f0c4cba93d542cc7266d2a1d82a9e17cd95 5a854d016aae65feb8525fe3bfba4a26849441eccd55fd42fd436334287f160f047f1329ca0aa69bbe138232ebacf3da
EXPORTER_SECRET e0eee2c82bed737f02cab34157cb5f0c4cba93d542cc7266d2a1d82a9e17cd95 5ac6096e53e2adeee946efd682d6e00ea863abb8a9aac69d123baa6c4e378ac43110980dcbc581a7c337d513e8e80862
CLIENT_HANDSHAKE_TRAFFIC_SECRET 6e56427d97026491c2b7e9bdd2c8eeacddcd3b3106841a88a9c67e6ee5381be2 d68bf624ce2f0070befdb206b2aec90ed9c8475a11d32fb32a04bb9bed8d5c1be62d3f65c856dca43c833a4b5631b482
SERVER_HANDSHAKE_TRAFFIC_SECRET 6e56427d97026491c2b7e9bdd2c8eeacddcd3b3106841a88a9c67e6ee5381be2 81506cb7f841d45ac1e4cced3fc57c68d35cd6c2f3969d6f36abe8acb5b13f1e31cae7a9dba13c0d2bfbfcf703daeb4b
CLIENT_HANDSHAKE_TRAFFIC_SECRET cf345f0ce57f1799e34e221d9e75191569db4e530c89a394d332698a6292e80a ec4c23505a20f9a2792f6a04ffce9b4c5eb92806136adcb9d078cd23b578453da37baf4f42d1c8c70caad27cc6ddabb1
SERVER_HANDSHAKE_TRAFFIC_SECRET cf345f0ce57f1799e34e221d9e75191569db4e530c89a394d332698a6292e80a f9f2caefcc8993e4349db7d6543bd7a69dd8796149ad8b636dc1f194bfb59662426f05ec56e6ad9b29b562207b7d8903
CLIENT_TRAFFIC_SECRET_0 6e56427d97026491c2b7e9bdd2c8eeacddcd3b3106841a88a9c67e6ee5381be2 bff8235c0a9ec49a8b1c98d05e167ee547df444c85a1f600639e16c2559d6cd3d743c8620a06835a51e21dc04b3a542d
SERVER_TRAFFIC_SECRET_0 6e56427d97026491c2b7e9bdd2c8eeacddcd3b3106841a88a9c67e6ee5381be2 39908bfd59f5002f8e8b392d58c1a4d4a20481dbb32cf0218d121e95a573338850ff310aff393486ac09fba9dd1eba94
EXPORTER_SECRET 6e56427d97026491c2b7e9bdd2c8eeacddcd3b3106841a88a9c67e6ee5381be2 e66a4fe0f3c65371569403e8aa80d05daa165bceb6c508c23524a5e1b16d1bf0a57ab12d90de7754c638bc583991c343
CLIENT_TRAFFIC_SECRET_0 cf345f0ce57f1799e34e221d9e75191569db4e530c89a394d332698a6292e80a dc34251a47774611af66b017add7366240aa3feb743bad4f98fa7b1974b3691bbd270c359d7a3c389f96abd147ce428b
SERVER_TRAFFIC_SECRET_0 cf345f0ce57f1799e34e221d9e75191569db4e530c89a394d332698a6292e80a 904b978a203c0ecd71cfbe59e1959c2e7c9aea72c9869e14b05571c0f86c666d68a5283085caf239c930ee35327c053b
EXPORTER_SECRET cf345f0ce57f1799e34e221d9e75191569db4e530c89a394d332698a6292e80a e3304e9a3a258088b3de745f0ea5975431a550bed93cf281e79c1bf3403487dc42a7e608312d18bbb8ebeefaaf261295
CLIENT_RANDOM 92af44a0dea1a4e86b2f125368da12aa75dad0e22143263ace0af4952539b13f e686631d50d26362a92d50a06564702bfaec689630f1e71c2a2da6d294933a8c4ee44e98aadd9f64c8fa229a9345e6fd
CLIENT_HANDSHAKE_TRAFFIC_SECRET 69f34928d5e54dd4ee818fde35c7422fe12200d52616a0bfe8294b335298a8e1 e880911d611189c7f5ee277b2d25c6ceedd092c6980fac47d7b60351378ffa471bbe32c882b2dbe021a50f469346cc9d
SERVER_HANDSHAKE_TRAFFIC_SECRET 69f34928d5e54dd4ee818fde35c7422fe12200d52616a0bfe8294b335298a8e1 42667ef12221a0eca870e2e70b86e3bfbb6eec2520335d660c9a29356f8e1707c3f9d70deae61f13e009077060f84018
CLIENT_TRAFFIC_SECRET_0 69f34928d5e54dd4ee818fde35c7422fe12200d52616a0bfe8294b335298a8e1 4b8403beedd3390584eeccaf88b13b3eb88435e76b45ab61d7c37319526140cf1f8aedab7a50fc087213964721036fa2
SERVER_TRAFFIC_SECRET_0 69f34928d5e54dd4ee818fde35c7422fe12200d52616a0bfe8294b335298a8e1 34f0af26fcf78ca4ad219eaa8ba7e0853ac7c6077d36c640bbe2292de9121d2e2e9552d85bbaba4b91787153869e137d
EXPORTER_SECRET 69f34928d5e54dd4ee818fde35c7422fe12200d52616a0bfe8294b335298a8e1 ba32dd49a48158521a56d95d2869befeef8cb290d7421c09ecadc18f4c0f1d6d01bcb5430c0a406672461732638993e9
CLIENT_HANDSHAKE_TRAFFIC_SECRET 1b2ac1b7723cbe561d43e78a00ccf816458f92ac323b17af62ad7664b50d4b9b 3d60c813e86ba46ba16a51ab3976ebd005b52a9e0580747c42ac6bb2406524cb8e2a05ed8d68aeb11b357bd49a86af96
SERVER_HANDSHAKE_TRAFFIC_SECRET 1b2ac1b7723cbe561d43e78a00ccf816458f92ac323b17af62ad7664b50d4b9b de0fb404fa8a0fb8ff4f645ea8e5a568b95561a7719919385efc60a874e7e8fd37fb1b9751b40dc680ca4a40c1054280
CLIENT_TRAFFIC_SECRET_0 1b2ac1b7723cbe561d43e78a00ccf816458f92ac323b17af62ad7664b50d4b9b d8ac94c6af6c83ad2130c02dd43b2d88e8ede9687176565cea673f2f94553a816656e3714bea94411925dc3022127bac
SERVER_TRAFFIC_SECRET_0 1b2ac1b7723cbe561d43e78a00ccf816458f92ac323b17af62ad7664b50d4b9b 7b3a3f931c445ef645d72f3763f55958aa93e21f8e80fd2cfb2913c52abbc4085806083e6e30db59709c970f679dc1fd
EXPORTER_SECRET 1b2ac1b7723cbe561d43e78a00ccf816458f92ac323b17af62ad7664b50d4b9b faa8f8d0259c606e3fcfd421c6b3a7facb865a48dd7eef1521642bdcd319fb36040f716e2e3a1c55afda9f804c2316fa
CLIENT_HANDSHAKE_TRAFFIC_SECRET 16bffa3d568fd5057d3722871355538dbfe963e77f032b0b74a21229c7188d86 c25fc8d6940a22f1dd1cf8b101fa0b9317d7d41c248844c4b4b57555cdf652db
SERVER_HANDSHAKE_TRAFFIC_SECRET 16bffa3d568fd5057d3722871355538dbfe963e77f032b0b74a21229c7188d86 1a8c70d15dfdc5a28f2232475d8738c4860b114517c185ee4f46c05587af4aeb
CLIENT_TRAFFIC_SECRET_0 16bffa3d568fd5057d3722871355538dbfe963e77f032b0b74a21229c7188d86 0a56b88c015e47657d8d0ae36153065716ac0ecb83ba0ae724f0d4945b6b7e00
SERVER_TRAFFIC_SECRET_0 16bffa3d568fd5057d3722871355538dbfe963e77f032b0b74a21229c7188d86 507ade1cce372f9a4fa5c6e53b686bebeccf583424ff8e3666fc7ed95bf26c6c
EXPORTER_SECRET 16bffa3d568fd5057d3722871355538dbfe963e77f032b0b74a21229c7188d86 b5078089b3c1bbfaa4b90d324be5e98bf4b3b9ff795fdc6bf3a5798f8be344fc
CLIENT_HANDSHAKE_TRAFFIC_SECRET a07f6d85767ceb9ab87bb6d4f400a061fb3a29eec8fb7418b9bf5e1d78f2ef8f 788378f0677f74b64b2d3c7c75be4705c118da91585c29cc4496736d5a389c3e743513ff43b8f3dc9d3a4101c71a3950
SERVER_HANDSHAKE_TRAFFIC_SECRET a07f6d85767ceb9ab87bb6d4f400a061fb3a29eec8fb7418b9bf5e1d78f2ef8f 986c155fdffafeb1b908077c4a0486bc98741d5d433dfae07028d4aa3d369fa89ebd6090871a835ec193e2600eac7bd7
CLIENT_HANDSHAKE_TRAFFIC_SECRET 65eaae873607ec8aa488ebdbe1842f1ecfe8cdabc9442f316547c9c5b7e4039f 80ac81b4fff974515a7683ae3b2e7652380d58c8a3d68313ef7f2a9d6fc6c534f1fe8cfcccba0bef4bf2c796e7e60805
SERVER_HANDSHAKE_TRAFFIC_SECRET 65eaae873607ec8aa488ebdbe1842f1ecfe8cdabc9442f316547c9c5b7e4039f 88acfea9d64f87b37ed31904b35a993b77920fd67efa80530936cfd4fbf7cb03c8f97c68ea007c7b61bea304b9cdcf15
CLIENT_TRAFFIC_SECRET_0 a07f6d85767ceb9ab87bb6d4f400a061fb3a29eec8fb7418b9bf5e1d78f2ef8f e35e80d912d3ee1cb1fdd6002523b0f2f6c69b1021e7e9780fbffc855eb9675f96d98c4f884cf1a4749a983a64acb28c
SERVER_TRAFFIC_SECRET_0 a07f6d85767ceb9ab87bb6d4f400a061fb3a29eec8fb7418b9bf5e1d78f2ef8f f76bf4b991229aef3e104f26144bbb05d46b026e43c7abef346a2333c1a29c053a70089d837e24a50b4283f00aae661c
EXPORTER_SECRET a07f6d85767ceb9ab87bb6d4f400a061fb3a29eec8fb7418b9bf5e1d78f2ef8f d41ded71ad29cfce3f8ee4e741f3669ced86e70afb83e86616733da3bafee3a10ebe3a0fdb386dcc89fef03ee3a4f74a
CLIENT_TRAFFIC_SECRET_0 65eaae873607ec8aa488ebdbe1842f1ecfe8cdabc9442f316547c9c5b7e4039f 2ffcdc7dbed3412e58c54485899d396cfa8ac63afedd8496f013a2187bb4bbfd19667c8a0229a703bc413f0aba13e517
SERVER_TRAFFIC_SECRET_0 65eaae873607ec8aa488ebdbe1842f1ecfe8cdabc9442f316547c9c5b7e4039f 3094a29a4893a516f3a12e366c7514940b37c1fee4649eb97f11753a498c6d4d3df4400d1fb8b100e718631c8d4c0748
EXPORTER_SECRET 65eaae873607ec8aa488ebdbe1842f1ecfe8cdabc9442f316547c9c5b7e4039f 4055a82c627ab8cdcf843a0458d9955461c5541adb720ce85434c47d6650744fbc4d0dbf1b84075355517e9bc58565bb
CLIENT_HANDSHAKE_TRAFFIC_SECRET a2c186f3e0e821c7e514201c828784b6ed7285b5a27a2f4edf62d5abca51ddbe c78aebde593b6e679e5103071af4041756c3136d4a3b0e9801ec73f9b0172e37e1a148d6ff356f2dae490f16ec6b905e
SERVER_HANDSHAKE_TRAFFIC_SECRET a2c186f3e0e821c7e514201c828784b6ed7285b5a27a2f4edf62d5abca51ddbe d7848551280e7a123c51d519aab9e293a00698410fac97325b9e178c15585e028473425e48c708e732c689ccf2f74556
CLIENT_HANDSHAKE_TRAFFIC_SECRET 2bb27f6441f811a0bf385f4238c7b0ec525f9a20f9864919c91542867aac16b0 cc2603a5055fc3fe0ca9990a12945b2f3932702c326353e8210e88c687e35f6f7f1c0c53e235ebf33f7cc84669c9ee78
SERVER_HANDSHAKE_TRAFFIC_SECRET 2bb27f6441f811a0bf385f4238c7b0ec525f9a20f9864919c91542867aac16b0 879aff6180cd753a1a758d9d7318d9309c82d56af7737c7ca19208f44c02067156e06a84eea7512e993bc7a025bbb70c
CLIENT_TRAFFIC_SECRET_0 2bb27f6441f811a0bf385f4238c7b0ec525f9a20f9864919c91542867aac16b0 e2487de4381e5d7611e591b5a330198816f18cc5e0d77503b0423a7f7cd81f2a490e8651ef1adc2968b59f2c517e26d3
SERVER_TRAFFIC_SECRET_0 2bb27f6441f811a0bf385f4238c7b0ec525f9a20f9864919c91542867aac16b0 817d46a3a96c9cffdf97b93bddd3fadd81dff4841df53c98d71bf80e292e7f238c462eea344501abb4e357037c33fd57
EXPORTER_SECRET 2bb27f6441f811a0bf385f4238c7b0ec525f9a20f9864919c91542867aac16b0 d9c1db43b6ecafd965ba9481ed0ff98ee3f7e050bf96b008554986a66fe48f9d30b0e4ba78acc022f7a08a347fddb08f
CLIENT_HANDSHAKE_TRAFFIC_SECRET 925e8224b8ff6d0d8d2c6a43888fe415a9f07a3e77361beb23d2af9510fd9f77 d7d850e04b3527e834d8bc6b2511278cf039f6744de7f7be5110450f5336b09396efbf627713a5deee7c2590ca19c183
SERVER_HANDSHAKE_TRAFFIC_SECRET 925e8224b8ff6d0d8d2c6a43888fe415a9f07a3e77361beb23d2af9510fd9f77 459d091d4de04cf4b33b95ed0dcf12161f855abed3cfe26825d7b0e47f78f513fd90d3ab58442fdc6a658460f0a65882
CLIENT_TRAFFIC_SECRET_0 925e8224b8ff6d0d8d2c6a43888fe415a9f07a3e77361beb23d2af9510fd9f77 fa64a8a47ac2630140a1427e054044d4da87ff598005790434ac952850d414baf54f532d40f7354c81ec2e950fa3fd5b
SERVER_TRAFFIC_SECRET_0 925e8224b8ff6d0d8d2c6a43888fe415a9f07a3e77361beb23d2af9510fd9f77 e30a808427b9541f9194fb623212ad6b26aae87afd62230872a26a0059880ffccf2ac9fae03267e9a08f5c9799400902
EXPORTER_SECRET 925e8224b8ff6d0d8d2c6a43888fe415a9f07a3e77361beb23d2af9510fd9f77 f5b533ec7a9ce1283dc2a10350220007f5682fc56aeb9afe86985fe09784c2762959a3ef510be329c3f135f6a473568e
CLIENT_RANDOM 3392494b6471afb6a8e058db2e7d13dae521a44f6d9cc92b362c52eaf9d7a5b3 990907ea59fbbf5082742987527f8aec789a7a71b4fbe548bfdfcdcfe06775fc63c54c8f25db1d5269f13d05d713b210
CLIENT_HANDSHAKE_TRAFFIC_SECRET b2f5d238197b52db4a393711dee13e2fefaf1b68945fbe65979379172582865e 09d1893c09a9ba347bf9418aff01b74dd726a89f9bc5a352d9b8fe899c3d7c11f52a456aa7c18ab4bfe1d589a292f0bc
SERVER_HANDSHAKE_TRAFFIC_SECRET b2f5d238197b52db4a393711dee13e2fefaf1b68945fbe65979379172582865e 284471d4bc9f1d1561531c0877c03792e1d608c166303b96229993da4b497afb10511c53a3eb46d1c84c65833dc176f3
CLIENT_TRAFFIC_SECRET_0 b2f5d238197b52db4a393711dee13e2fefaf1b68945fbe65979379172582865e 0a8269f8da822067bcc4bf8b4d461df0db237a676bb0071a5ff9e5a251407005e2079c127e1b3d810db60718095b1257
SERVER_TRAFFIC_SECRET_0 b2f5d238197b52db4a393711dee13e2fefaf1b68945fbe65979379172582865e 3018f19aff60efff8319bc16dd455ed447f09dc3f3f3d81166aec9709f0d8a94cce69421295ff719c20b3f079152b550
EXPORTER_SECRET b2f5d238197b52db4a393711dee13e2fefaf1b68945fbe65979379172582865e bda5edf4a2e00ff668a4aa7b04bb49955f9453e55255c2bc0f1a9d7548a297b432b71f77a89516adcc496868451fc85f
CLIENT_HANDSHAKE_TRAFFIC_SECRET 98c07baef70c3597cf9c6c9f83ca8e8be393fc0894e26e01bcde08392578a6dc c0654c29068a2e277b0408ee9148cafce42adae5dc8df77750a534b6fc3bfb59265b327b2f99fd4b4f9212fc80c88d98
SERVER_HANDSHAKE_TRAFFIC_SECRET 98c07baef70c3597cf9c6c9f83ca8e8be393fc0894e26e01bcde08392578a6dc 30cb5a40ca373a69b51a50e8ff5b6957c0a713fb2ff2cb0a56d20b0749378224a6e200a6f5d5352bd1a4cc9e74dce7e6
CLIENT_TRAFFIC_SECRET_0 98c07baef70c3597cf9c6c9f83ca8e8be393fc0894e26e01bcde08392578a6dc acb0c21bbc7e037905ce934499898c5ad5199f09dc977af4cfcd76d23b54183575efc7e8168c792cb07862380e7e84fd
SERVER_TRAFFIC_SECRET_0 98c07baef70c3597cf9c6c9f83ca8e8be393fc0894e26e01bcde08392578a6dc 28ea9dd31367c167c9b475716fbc811e5d384b3cda8d48d448a5ddacd1db6bdf89cf838470c7b9298b09c94c97379f61
EXPORTER_SECRET 98c07baef70c3597cf9c6c9f83ca8e8be393fc0894e26e01bcde08392578a6dc f662f283bf026cdc12c1522ecfcf8a6676fd92a29317f7628eee3fe990350189e87f4e3712ba30c2c7ad550936ef1ec7
CLIENT_HANDSHAKE_TRAFFIC_SECRET 11e94e32fa58adb0f25378474f428fc535ba4659ed3d625d680db5123784d458 35a039a85b7b7306078423b0940abc2256a8654ab1adc059753b4f2517607aeddd18421ce6f6e4dd079d9800bee74a8d
SERVER_HANDSHAKE_TRAFFIC_SECRET 11e94e32fa58adb0f25378474f428fc535ba4659ed3d625d680db5123784d458 763ed034285bcaaba0b419aad6e7a013e21a11ba0c4dda4df89637790fe84da89e6316e3519a44213748d22a59aecfb3
CLIENT_TRAFFIC_SECRET_0 11e94e32fa58adb0f25378474f428fc535ba4659ed3d625d680db5123784d458 98844b4e7c299af7812d767cc91f3899dc27c5e51d052570de6e6ca52f5e4b96152e2ec55c912b90ed6a2c0e8d0e9525
SERVER_TRAFFIC_SECRET_0 11e94e32fa58adb0f25378474f428fc535ba4659ed3d625d680db5123784d458 c21c509f58f564e1adec33f4e268038adc196f5c04b33ec740977c43b72506797a33499dea8e915911adf46c4eb222f7
EXPORTER_SECRET 11e94e32fa58adb0f25378474f428fc535ba4659ed3d625d680db5123784d458 74bfac4d81ee1a4f3d6b635c1987394960e9f80e2f05b89e717f04a9e9d05a72f38c18f91924d5a26a1f3441081438f8
CLIENT_HANDSHAKE_TRAFFIC_SECRET f62880dd87c933de9b7be794dd68c7616c958215140f0d2e514c59e35305ef04 aba308163e831839c31521a804203738a946424abd9fffca72a34ac5468748078e963f72793e75fcc89602965387b0df
SERVER_HANDSHAKE_TRAFFIC_SECRET f62880dd87c933de9b7be794dd68c7616c958215140f0d2e514c59e35305ef04 d19121b06f40da7db197a85e6db648ad184b1001fce0d84f229079ee09b70a64a3fb30f07a5b6801fe3bfd0307561ab5
CLIENT_TRAFFIC_SECRET_0 f62880dd87c933de9b7be794dd68c7616c958215140f0d2e514c59e35305ef04 e357440f98c4503caa1299d1d692b981cb7100782db05a11703efa9f9825540329841cbe26f87a0a28892e2a6e8c81bf
SERVER_TRAFFIC_SECRET_0 f62880dd87c933de9b7be794dd68c7616c958215140f0d2e514c59e35305ef04 026ffba3bcf89b7df54074eba1ccce4ccad8b3f47e7aa5543f254e1d51674a8c820b50402cc6c5cfc93036eda308e5f1
EXPORTER_SECRET f62880dd87c933de9b7be794dd68c7616c958215140f0d2e514c59e35305ef04 108ff4180f9d4be550b4732fe20eefc846285d4d1ecf9cd370687c2668c8c2ebaf30f75955057485168769062b85360e
CLIENT_HANDSHAKE_TRAFFIC_SECRET 3ba4dd19fcbbe0636dead13591d5610dee6af3a86c81a3add320623cd0f0e7ee ca6fb4b38b0e8a06cc2bf87179ae59ea15108e0565853953a0e86b8cb632fa2ce86a668ba2d6ea5abe8917a78e3ea3f2
SERVER_HANDSHAKE_TRAFFIC_SECRET 3ba4dd19fcbbe0636dead13591d5610dee6af3a86c81a3add320623cd0f0e7ee 1b51e915dd6772a33d13c968a81a85792022cbca612f0cbcfaaa1fc0cd8c94f05507bc40bc8dd68846abc0fe90cd75c4
CLIENT_TRAFFIC_SECRET_0 3ba4dd19fcbbe0636dead13591d5610dee6af3a86c81a3add320623cd0f0e7ee 63569f97ac840114fc8bef93fbcf35ddcf7358400073964f20dc3867ae4b6c366bde964f197d88cc30075d3916900f27
SERVER_TRAFFIC_SECRET_0 3ba4dd19fcbbe0636dead13591d5610dee6af3a86c81a3add320623cd0f0e7ee 15b898ca0bdafbeb930b94715c818fc75d11ffc6ee8cfd90605217c351e75738946dd26cdc13f292f79a527767456488
EXPORTER_SECRET 3ba4dd19fcbbe0636dead13591d5610dee6af3a86c81a3add320623cd0f0e7ee e3f49339be3c359bce98007ac0e4ec95d0e6a4818bdc7481e9ee3b9f830da5f8bcd0d77930de491e18ab937edf5764d8
CLIENT_RANDOM 4772be5cde10fd7ab5b7b95d9c8c298a7f93868660513517ce170d954ce3cf38 ce0865c42b0ef3b8aa0b11ec33d45bf168a7048e0124f11b626276091314351b946a5300d3f3772eb2ff0bbad0a21107
CLIENT_RANDOM 18472ae7f5a1cdff2784975382a22eec354ab65d4ca94e3bc992ea5490960e72 3f6c8934458fee8317882d2aa0dc4aa641bf019c3719dc4ed7e30832cd0801813488e2f9ee2ebd6967313dc2af70697b
CLIENT_RANDOM dbaa7b6352ae85bde7a435b4b7cd097886a46d964f90e1c4c2412f56c32685a2 2c8ce50a8a61c5508d6190c1c5b31ac8414db4ee7ba69480eb2c2225696e0b6638c7e31bd42bdb0c4442792538a1165a
CLIENT_HANDSHAKE_TRAFFIC_SECRET b34cc10033842097ca5b44b53e16a8f7a4402b20f18da4f8ef4afd5c09e51083 01416326729409322e7939964b518589ad2e1c8a48c44d7976057b4c93c9f748d4891e9ac28486d00ac2812d411433a1
SERVER_HANDSHAKE_TRAFFIC_SECRET b34cc10033842097ca5b44b53e16a8f7a4402b20f18da4f8ef4afd5c09e51083 7fbfb67cf56475e819de072fec27d307174be325e3f1378606d1067f8663a73bad4489c5653715d000eb41cf35a29db1
CLIENT_TRAFFIC_SECRET_0 b34cc10033842097ca5b44b53e16a8f7a4402b20f18da4f8ef4afd5c09e51083 7ad29fe98f0ed9d01b5f778b1137d2c232fdc281303c223b887e346f240ee311a7bae40fca60ecce6bdc900b8acf3c98
SERVER_TRAFFIC_SECRET_0 b34cc10033842097ca5b44b53e16a8f7a4402b20f18da4f8ef4afd5c09e51083 3fdc0e43c9259f46c45a7867ba6fa0297c7cc7974d795d4656f7fa4e30bba78b15ed78e80836bdddeb61d8e67ab24c41
EXPORTER_SECRET b34cc10033842097ca5b44b53e16a8f7a4402b20f18da4f8ef4afd5c09e51083 a020149a388b0d0549796b025edef63715a0ff792e51ddfc2ebd9aaf3e2aeede964f69c49ee895a3fad8557639888920
CLIENT_HANDSHAKE_TRAFFIC_SECRET 6fa7305f4ca919e0efbfdfb88fe538560593760006a802bacbaa508c33379d5d f883172cecc0f8ec59c2ac02b361230e3786ff4bbc61c48ce576589c212f7634749832feabfa801810fd64ee5e238f41
SERVER_HANDSHAKE_TRAFFIC_SECRET 6fa7305f4ca919e0efbfdfb88fe538560593760006a802bacbaa508c33379d5d 97270d8f3d5e2d9e80b1a4e483d3f8f9a0632419822ac8bb555f6ffe41a0c34318a6a01e86bcac55db54c647358e35a8
CLIENT_TRAFFIC_SECRET_0 6fa7305f4ca919e0efbfdfb88fe538560593760006a802bacbaa508c33379d5d ad28bbea77a51ded74862ab1ab9c8102ce2f5dd3219bfbd5de5ac6ce6d84b8cb7256af180c716e7d0a2cdd670f339344
SERVER_TRAFFIC_SECRET_0 6fa7305f4ca919e0efbfdfb88fe538560593760006a802bacbaa508c33379d5d ee909eee6ac275ecee5ffd42023e06015335b17482f1f0aeb8170c9daa6633b8240f78220a9dc079c1d98c0d5ccad449
EXPORTER_SECRET 6fa7305f4ca919e0efbfdfb88fe538560593760006a802bacbaa508c33379d5d ff7717b7da4b6a897ced1ab73e8a5524ece9724143ee428fd9f9a5d168ca88cf94ea17f18fce75086f75a01b204ef1a4
CLIENT_RANDOM ca7503ebdf9aa93f0d0ea060fa806b980747dfb741e9a3ae1ddb0cb0753789d6 96aacbda2fd93807ac8b62f0b5bdfcbd5059b2e149767189417f5bb845fbd8cf33ae89b57e74162237d0588ab4d0a786
CLIENT_HANDSHAKE_TRAFFIC_SECRET 6c4ed19a45d02ba78c4f66e2c8c402adf8bc3155bc2a3c26bb4636d541aa8a6e c3366dcaf1a712dfbe957c73a169426db0e86a693c236be4ef75d2968319ecbabe2e61a74eb69c099486edf9742d3981
SERVER_HANDSHAKE_TRAFFIC_SECRET 6c4ed19a45d02ba78c4f66e2c8c402adf8bc3155bc2a3c26bb4636d541aa8a6e f6662155475c6dfec7b2aea5bcc0d7ebef332996726b09b50cee7dd1d8def2583aa327f315b1236d7d02055647fc3362
CLIENT_TRAFFIC_SECRET_0 6c4ed19a45d02ba78c4f66e2c8c402adf8bc3155bc2a3c26bb4636d541aa8a6e f01df0360303bbc008a28a700bfabc543fc18ec6f9d44aa3a846cc3c9dcfc2b369d0b169b7596e3430ebeb6058768763
SERVER_TRAFFIC_SECRET_0 6c4ed19a45d02ba78c4f66e2c8c402adf8bc3155bc2a3c26bb4636d541aa8a6e 97b73f87a3f4a2862a48fd511380b031011384f6c74fce2452cb893fe02c4a964ffe9d5e5ffb80822f24ab29af90c743
EXPORTER_SECRET 6c4ed19a45d02ba78c4f66e2c8c402adf8bc3155bc2a3c26bb4636d541aa8a6e 33571aa0f006a642ce26c0d7eed965c1716be067c655f46863a6c0268821bb608d0bcc3a491f66ac6efba081b4ea6b85
CLIENT_RANDOM b07d7f8ca7f0de007df1cd071de1b402315fd69a621ddd0070e67452c2d1970f 5c8b5189d6d2975681afde980b34edd9c8b08f91a37cfe3cf75af28259b76bbbb22dd44249048f01d62cce8d00f88329
CLIENT_HANDSHAKE_TRAFFIC_SECRET de16832fd22ecd0ed2c059669f434e13a3f7a1f7b8df3dfa2cd836597a4d8398 d5680075af821c00cd9511ee82b77377d611b64756066e3596b01be67325f1475566ebd7ebc9ab268d6d91955dddb9fc
SERVER_HANDSHAKE_TRAFFIC_SECRET de16832fd22ecd0ed2c059669f434e13a3f7a1f7b8df3dfa2cd836597a4d8398 5784517b1683bfec6079ed6ec439df02afa2d516f226dd389957bbc9f2c0f7ad57d49036554620d04e5d2fa58680af12
CLIENT_TRAFFIC_SECRET_0 de16832fd22ecd0ed2c059669f434e13a3f7a1f7b8df3dfa2cd836597a4d8398 1b721d6f348fd7b69c3bb4615655aca8d42e1d9afb06118ba2af369c46979c274b786695d2146001ee5c93658a6b339b
SERVER_TRAFFIC_SECRET_0 de16832fd22ecd0ed2c059669f434e13a3f7a1f7b8df3dfa2cd836597a4d8398 1390c446dc21858472f66b236b41ba48e35c6eeaec96a7eea48a29daca27d5b2d43dcdea236a82361e4c744218408b66
EXPORTER_SECRET de16832fd22ecd0ed2c059669f434e13a3f7a1f7b8df3dfa2cd836597a4d8398 8bb5fb0b35d2b75c9251729e8c08ac0c4d8a1e8fa6745e1a93a38a2c6b7d65c2e2d86391096e24b6c18d6ef8a6938f7e
CLIENT_HANDSHAKE_TRAFFIC_SECRET a4fc2f659ec6b379ee4c05675404446751658fb16d8d7c6faf759597b1ebcd4f b60acf9e047bc20a70894dc058c3a4b59fa95c3af52ea542a2c52f25748be850f011dbaffa424a68971ac2a97502fcd2
SERVER_HANDSHAKE_TRAFFIC_SECRET a4fc2f659ec6b379ee4c05675404446751658fb16d8d7c6faf759597b1ebcd4f 6e691e385b724bc2a24c0bf9c69a00022442cb1ef30a1174c2fae957be31d4d49f7d2c52d90d34d8f146e14486e276c7
CLIENT_TRAFFIC_SECRET_0 a4fc2f659ec6b379ee4c05675404446751658fb16d8d7c6faf759597b1ebcd4f f566b47e954582193c3a44f991e23501b77d71cef0694ae8a446b68e2f3211aca8c796edd4d3cfdc8e78704c7c3f1d62
SERVER_TRAFFIC_SECRET_0 a4fc2f659ec6b379ee4c05675404446751658fb16d8d7c6faf759597b1ebcd4f 62cd05a70f2a3350c06120b65d7f03fb12b1a2d050d9ae23c253401522bf48f6955113d504d62714102a7a1aa07790d1
EXPORTER_SECRET a4fc2f659ec6b379ee4c05675404446751658fb16d8d7c6faf759597b1ebcd4f 3c2903a6400cae847fac7d5ecf9f4fa8be57a2bf02969225d8bce408e3145f6ddb0027a9e4a0775b7f04864bd1159933
CLIENT_RANDOM 8f390f7ccbc926b7524d861f409012e19ec5674b11cbb0d1ddbf01e06d5b276e f43cab1e66c66d740c228d97fb60133426e5ef7bce95ded57d8e25f4d92d9c1bf622362b56f50d6d011c115ee04239b4
CLIENT_HANDSHAKE_TRAFFIC_SECRET 7190470daa85e53b858a74d88ede9334186d97ce94169be453cb3cfba21c3b68 c692d2a2522a01334768373db4e23568263d84d1a910166b80da3f9019b8c5c89aa881e970f9e1471feb2e52b435dded
SERVER_HANDSHAKE_TRAFFIC_SECRET 7190470daa85e53b858a74d88ede9334186d97ce94169be453cb3cfba21c3b68 a5b909547aa7ac7e5e5dfbe33b60af2a7008348137d223c9d659a52a66d00663892f5e9c0756d435757fdd86caf0f1f1
CLIENT_TRAFFIC_SECRET_0 7190470daa85e53b858a74d88ede9334186d97ce94169be453cb3cfba21c3b68 cb278fbfbdb284fbcef0e88416817defc92e2877a49ee0a33f6b02d02ef3dc228ae7af3ceb402c4bf86dca19538c956f
SERVER_TRAFFIC_SECRET_0 7190470daa85e53b858a74d88ede9334186d97ce94169be453cb3cfba21c3b68 2aba073aee83bd937b8535baccf296ce7f746ee09bb2a5999affa53b54b834b983115dd954c9a16dacbadd578b240f2b
EXPORTER_SECRET 7190470daa85e53b858a74d88ede9334186d97ce94169be453cb3cfba21c3b68 612daef763d4d48a6ee7ec12ca8c7e58216aecffc0a7f9efc0b90a4669bad9394e428546d9eaaca6953c022973bc5f1f
CLIENT_HANDSHAKE_TRAFFIC_SECRET a39ca0e3dc7fc80c24bda9a50d84bbb37111606ad667267c61dce5a1d67ef356 97a4474f88d6df15cd9590dd11b72aca61ffd85ccbf9a76ad803addb41a11bb157bdd2e9762c9816431883f2e2c31554
SERVER_HANDSHAKE_TRAFFIC_SECRET a39ca0e3dc7fc80c24bda9a50d84bbb37111606ad667267c61dce5a1d67ef356 d92f85c09b676349411a8aa2164cff485243a64d93cb0f5f809e7f41e51be5e2c208395a4ff1edd86016ef50a1fb361d
CLIENT_TRAFFIC_SECRET_0 a39ca0e3dc7fc80c24bda9a50d84bbb37111606ad667267c61dce5a1d67ef356 1c06a86014be57b2fbe106a7c9c6686e9575c7197e54b0157c592518cae1d3805b88095c0b64c699329466493d594be7
SERVER_TRAFFIC_SECRET_0 a39ca0e3dc7fc80c24bda9a50d84bbb37111606ad667267c61dce5a1d67ef356 ff3ef215c682f6c778c8b904abcd7e35a405c285afa22bdd3fabcf541d078fb0764ef39f277e42f78fac958db1695477
EXPORTER_SECRET a39ca0e3dc7fc80c24bda9a50d84bbb37111606ad667267c61dce5a1d67ef356 0c8dddb0da9df9f9b82ff11da2894492be1034f7cdc7d807e1d6f4ab7159e1b87edcc3456be204b58b4df380a538c996
CLIENT_HANDSHAKE_TRAFFIC_SECRET 7fcbc1abed2d4974e4efe9d1e42941c2d6750fc2a986aef2dca2dab97f125560 85210127c20e2e67b6980b9a6de34414fe86becbe512fbb1efee69d56d11386da470f82d0c679d025140e9c5c49eac2d
SERVER_HANDSHAKE_TRAFFIC_SECRET 7fcbc1abed2d4974e4efe9d1e42941c2d6750fc2a986aef2dca2dab97f125560 04cb023a1c6cf87d43a993b7a110e9e141f7af1f50ea265c013dee2ac2421f0b49e7e55d3d30c5ac8ad2b8dcd22e737d
CLIENT_TRAFFIC_SECRET_0 7fcbc1abed2d4974e4efe9d1e42941c2d6750fc2a986aef2dca2dab97f125560 2c4e46b7b0b45ecffb1bc858d26014b8514a98ae15760ecef694d82febeed4c41d1218dca4453169bc75934e8bbfff97
SERVER_TRAFFIC_SECRET_0 7fcbc1abed2d4974e4efe9d1e42941c2d6750fc2a986aef2dca2dab97f125560 3824ca16de5b672ed5b7a9fe50e5305c1e56c536902892d6ce7b4b527e0dd77a086ce83c52dbe5d70521cce61668b623
EXPORTER_SECRET 7fcbc1abed2d4974e4efe9d1e42941c2d6750fc2a986aef2dca2dab97f125560 a065c2f765275686d736a61d3446c108e76eb417d9da7251fb826bef775e5597495107331813f2f86da3f0043a32067c
CLIENT_HANDSHAKE_TRAFFIC_SECRET 7d841bbdf58f8a65f0a78588ca6cdf742cb4c9f812ae38779495f1d96488ece5 4a6c9e67e59c143c528a194fdb8f9998e7bd95dc7ab19643c10fd86be22902513932103953f1119b567454a969dedfe0
SERVER_HANDSHAKE_TRAFFIC_SECRET 7d841bbdf58f8a65f0a78588ca6cdf742cb4c9f812ae38779495f1d96488ece5 989b3e31f9ecc75f552b4bcf3984c1a275121e22134f75f1782e0327929f7835714bb67492d6ef5d8ddc1cbea5f8af7e
CLIENT_TRAFFIC_SECRET_0 7d841bbdf58f8a65f0a78588ca6cdf742cb4c9f812ae38779495f1d96488ece5 5c79c4debf3c534df6dfffc71725e150e163e90df34456af541cb4038d16ca8391a382c1fdeec33c7799838c051dcbfd
SERVER_TRAFFIC_SECRET_0 7d841bbdf58f8a65f0a78588ca6cdf742cb4c9f812ae38779495f1d96488ece5 0603a17ba238619393fd9b8a144d7d53c77a9a66f0ca78ec52500f8071c10bfe95a85a165fa5a68add5892278daf99f5
EXPORTER_SECRET 7d841bbdf58f8a65f0a78588ca6cdf742cb4c9f812ae38779495f1d96488ece5 0bdab31d4ca8b414c139be287effacdf61eb6ae8a42be432ca3a4c58b21afe6399b0e2e8a643a8b15e49458bbf3fbf4f
CLIENT_HANDSHAKE_TRAFFIC_SECRET a7169b5d8bc784eef36ccda11ef5f40846c7a4675138394dd3bb380dfc08edc7 7c9cec353282c7d6ebaa2ea58ef71ad9a2515694ab5de7e911e1fa5f7ec1534dd5b6563472c73be83868f5efbcedf705
SERVER_HANDSHAKE_TRAFFIC_SECRET a7169b5d8bc784eef36ccda11ef5f40846c7a4675138394dd3bb380dfc08edc7 965660750dad50e7d7fa8958cfd57ef97479f873039642d1596d8a7b67f458731cb018cd6287fdbde5f7ed36f7ea9a58
CLIENT_TRAFFIC_SECRET_0 a7169b5d8bc784eef36ccda11ef5f40846c7a4675138394dd3bb380dfc08edc7 f2c26a60351783b657d63a9272d7b7350155274afd9ecf18ad41d1ce6081591b1b916197cfe0e992833931569cf83625
SERVER_TRAFFIC_SECRET_0 a7169b5d8bc784eef36ccda11ef5f40846c7a4675138394dd3bb380dfc08edc7 94b2002a6e20356fc07829e55fd3ecf70bdb15ae0bae2cdf3b4fc0cf5d3d50b6a909fde5f0f39a147f3fa37ffd9a1d0a
EXPORTER_SECRET a7169b5d8bc784eef36ccda11ef5f40846c7a4675138394dd3bb380dfc08edc7 f09f2e8896a48d32268761a0edd80e1b68fd10bb1960bc8b4762166912152c134a6b6e12715f6121e27fcf5c2b9b7898
CLIENT_RANDOM f20d32eae650f56824748c42f5433273bf18403104d3e97707beff740a1531aa 423d1ea5853301638541d78574f5818f95d05cb1d10101c801f1941216b2d4f8f2b121cf6d2593c2f40c1e134592dd84
CLIENT_HANDSHAKE_TRAFFIC_SECRET 7a7814bf3ad0cecb2ba559631358be77b6368e99a88094d8b44249247275b007 9a50cb3cd96488778be5a0548f2ee059ad24e3ea7757cd8b5434327be06a545282e89df8e118e41896e5326ba42a1aa9
SERVER_HANDSHAKE_TRAFFIC_SECRET 7a7814bf3ad0cecb2ba559631358be77b6368e99a88094d8b44249247275b007 cf418c67670c702fb7770e7a19a6d98bcf00e4e5f85d9b9e6797c0d770a7ae547a6fb7aaedd4926ef275f933d1ad40c9
CLIENT_TRAFFIC_SECRET_0 7a7814bf3ad0cecb2ba559631358be77b6368e99a88094d8b44249247275b007 cc9849e9da4680bd32b15e44810f5fc950162a818784c5042f6fdd96dd6f85a862314f240d24c547e1b61e1033b46456
SERVER_TRAFFIC_SECRET_0 7a7814bf3ad0cecb2ba559631358be77b6368e99a88094d8b44249247275b007 62f609c84b20fcdfce535476ea7bfecbcfe6eb051dd965e063ed1a732732c820f8ea9e444160eb336b832aac5f93d529
EXPORTER_SECRET 7a7814bf3ad0cecb2ba559631358be77b6368e99a88094d8b44249247275b007 68fdfb27249f586b342c051c6ee0a3073b1a43883c15e7d9fd39603747cf3eb066c1dcbad0c0d7981e9f7fc548c20f2b
CLIENT_RANDOM bfa993768ff537bbf75110fd7269015482cc0d2a696b39d18439a227e48c3632 21ffc011365557b285d54cb52ba77d079a53cc7108c14f391ab88e1c287138109bfd29ad5f04f83fa404744cb9b03982
CLIENT_HANDSHAKE_TRAFFIC_SECRET a23bcf1ed407325419c23a481b4e3263b6671f977baca41cbc2ad79dc52d3d1b e5d1c02f7dcb8c8f6b862ab8673cbef5a9a0035aaa4aa56ce3a7488a11d076d86ea1176bd8b222d9f028357df9fc9dae
SERVER_HANDSHAKE_TRAFFIC_SECRET a23bcf1ed407325419c23a481b4e3263b6671f977baca41cbc2ad79dc52d3d1b 031fe59e08003f806d76bfcdfa8c331a505304b1e7ed423fc47d98e1914181c2dd44fcd0ae337d5b2bd165fed41ec8ab
CLIENT_TRAFFIC_SECRET_0 a23bcf1ed407325419c23a481b4e3263b6671f977baca41cbc2ad79dc52d3d1b 143c576cd4741b6ae2b60e33d0e85b109b1f88fd443b09cdae44df94970acedbc7c139aafbf23d2c92bedffec0622089
SERVER_TRAFFIC_SECRET_0 a23bcf1ed407325419c23a481b4e3263b6671f977baca41cbc2ad79dc52d3d1b d21c1ae427da4d6c2ba6adf11af64252378776242e1214afdd33c7ad221c8a0ff85d2d0f58e66e035be1a3fbe952ba67
EXPORTER_SECRET a23bcf1ed407325419c23a481b4e3263b6671f977baca41cbc2ad79dc52d3d1b c37787508f8335f65975a3f9ec306881cc0976f8a027b97d400b48144ae1dbc6a68baa4c4331c207c0258f3b6f40f4b8
CLIENT_HANDSHAKE_TRAFFIC_SECRET 52da3143cb6477ec058ddbaed9e520d4a791c08ae88033d935bcbae40431b5c1 ec6eac9b98c624589dd0edb3af5e1391cec35dc13a4eb43315de78ec878f2f2e7db2199d43a0dc7d6db035f61ff9d0f2
SERVER_HANDSHAKE_TRAFFIC_SECRET 52da3143cb6477ec058ddbaed9e520d4a791c08ae88033d935bcbae40431b5c1 b6a7a0144975d59e417ee9b43a6fd8eba020410a35225c65886af6d27b6e010be33556d1d24e14b750c7a8e6b80ec85c
CLIENT_TRAFFIC_SECRET_0 52da3143cb6477ec058ddbaed9e520d4a791c08ae88033d935bcbae40431b5c1 605b72faf7f4541066696994a73b8a3e5e8a24c97b40b0cae6679fab7debb4a553897738f038386c4491a3bad9d7ec4c
SERVER_TRAFFIC_SECRET_0 52da3143cb6477ec058ddbaed9e520d4a791c08ae88033d935bcbae40431b5c1 c3369902ace0822aa93a0f9c6d68df0ffff19f4c5d8d9f4f94d1cd24ebc588a127887610e4dd5154f75bf91da094a263
EXPORTER_SECRET 52da3143cb6477ec058ddbaed9e520d4a791c08ae88033d935bcbae40431b5c1 d7f85e00e2f96aede19e43b30eb25dd355b740ddf65626f4adbce11e62d7f46b51921fd6ef84f5752d531f146a9c8d92
CLIENT_HANDSHAKE_TRAFFIC_SECRET a4595f73e5ca21f20b59f6bccb2bba7aad91762d47d05f26287b5c86756870cd e20085fef1abedf9b2e18a78ecb1643816a920b65993a81e0966de7570987f3cfa46e405469975ad5be49b235597714a
SERVER_HANDSHAKE_TRAFFIC_SECRET a4595f73e5ca21f20b59f6bccb2bba7aad91762d47d05f26287b5c86756870cd 76da6f8b559b82770ed8bccfb33cd2d78a0aff0ca4ed315a3ec34cbb4d632f1af882c76c40eaef14b0c57dc59069e866
CLIENT_TRAFFIC_SECRET_0 a4595f73e5ca21f20b59f6bccb2bba7aad91762d47d05f26287b5c86756870cd 05f1607b7949281dce9f2f8ffbcffa016b2746982fec44010088af99634a0461ab1223612c2e26d7a080d8eda4c0de43
SERVER_TRAFFIC_SECRET_0 a4595f73e5ca21f20b59f6bccb2bba7aad91762d47d05f26287b5c86756870cd fdd0ac35f2af08ff3fc4085059b517aa03158bd3897c05ba6b8d473a98c93632b53443bc53f0739cdeb6ae964fd660da
EXPORTER_SECRET a4595f73e5ca21f20b59f6bccb2bba7aad91762d47d05f26287b5c86756870cd 6d171a94fbf1342e938efd5aa6ffb81a3eaa29446a443463ae6885275a19f5e824cea647f51e7b2b240db14113a4cb4e
